{"/Users/andrew/export/mars-sdk/Bitmask.js": {"path":"/Users/andrew/export/mars-sdk/Bitmask.js","statementMap":{"0":{"start":{"line":13,"column":8},"end":{"line":13,"column":30}},"1":{"start":{"line":14,"column":8},"end":{"line":14,"column":32}},"2":{"start":{"line":23,"column":8},"end":{"line":23,"column":25}},"3":{"start":{"line":24,"column":8},"end":{"line":24,"column":20}},"4":{"start":{"line":32,"column":8},"end":{"line":32,"column":29}},"5":{"start":{"line":33,"column":8},"end":{"line":33,"column":20}},"6":{"start":{"line":43,"column":8},"end":{"line":43,"column":66}},"7":{"start":{"line":43,"column":51},"end":{"line":43,"column":66}},"8":{"start":{"line":44,"column":8},"end":{"line":44,"column":72}},"9":{"start":{"line":44,"column":55},"end":{"line":44,"column":72}},"10":{"start":{"line":46,"column":8},"end":{"line":46,"column":28}},"11":{"start":{"line":47,"column":8},"end":{"line":47,"column":32}},"12":{"start":{"line":48,"column":8},"end":{"line":48,"column":20}},"13":{"start":{"line":58,"column":8},"end":{"line":67,"column":9}},"14":{"start":{"line":60,"column":33},"end":{"line":60,"column":77}},"15":{"start":{"line":60,"column":55},"end":{"line":60,"column":76}},"16":{"start":{"line":61,"column":12},"end":{"line":61,"column":80}},"17":{"start":{"line":61,"column":30},"end":{"line":61,"column":80}},"18":{"start":{"line":63,"column":31},"end":{"line":63,"column":78}},"19":{"start":{"line":63,"column":55},"end":{"line":63,"column":77}},"20":{"start":{"line":64,"column":12},"end":{"line":64,"column":81}},"21":{"start":{"line":64,"column":28},"end":{"line":64,"column":81}},"22":{"start":{"line":66,"column":12},"end":{"line":66,"column":111}},"23":{"start":{"line":71,"column":0},"end":{"line":73,"column":2}}},"fnMap":{"0":{"name":"(anonymous_0)","decl":{"start":{"line":12,"column":4},"end":{"line":12,"column":5}},"loc":{"start":{"line":12,"column":18},"end":{"line":15,"column":5}},"line":12},"1":{"name":"(anonymous_1)","decl":{"start":{"line":22,"column":4},"end":{"line":22,"column":5}},"loc":{"start":{"line":22,"column":18},"end":{"line":25,"column":5}},"line":22},"2":{"name":"(anonymous_2)","decl":{"start":{"line":31,"column":4},"end":{"line":31,"column":5}},"loc":{"start":{"line":31,"column":22},"end":{"line":34,"column":5}},"line":31},"3":{"name":"(anonymous_3)","decl":{"start":{"line":42,"column":4},"end":{"line":42,"column":5}},"loc":{"start":{"line":42,"column":25},"end":{"line":49,"column":5}},"line":42},"4":{"name":"(anonymous_4)","decl":{"start":{"line":57,"column":4},"end":{"line":57,"column":5}},"loc":{"start":{"line":57,"column":15},"end":{"line":68,"column":5}},"line":57},"5":{"name":"(anonymous_5)","decl":{"start":{"line":60,"column":48},"end":{"line":60,"column":49}},"loc":{"start":{"line":60,"column":55},"end":{"line":60,"column":76}},"line":60},"6":{"name":"(anonymous_6)","decl":{"start":{"line":63,"column":48},"end":{"line":63,"column":49}},"loc":{"start":{"line":63,"column":55},"end":{"line":63,"column":77}},"line":63}},"branchMap":{"0":{"loc":{"start":{"line":43,"column":8},"end":{"line":43,"column":66}},"type":"if","locations":[{"start":{"line":43,"column":8},"end":{"line":43,"column":66}},{"start":{"line":43,"column":8},"end":{"line":43,"column":66}}],"line":43},"1":{"loc":{"start":{"line":43,"column":12},"end":{"line":43,"column":49}},"type":"binary-expr","locations":[{"start":{"line":43,"column":12},"end":{"line":43,"column":22}},{"start":{"line":43,"column":26},"end":{"line":43,"column":49}}],"line":43},"2":{"loc":{"start":{"line":44,"column":8},"end":{"line":44,"column":72}},"type":"if","locations":[{"start":{"line":44,"column":8},"end":{"line":44,"column":72}},{"start":{"line":44,"column":8},"end":{"line":44,"column":72}}],"line":44},"3":{"loc":{"start":{"line":44,"column":12},"end":{"line":44,"column":53}},"type":"binary-expr","locations":[{"start":{"line":44,"column":12},"end":{"line":44,"column":24}},{"start":{"line":44,"column":28},"end":{"line":44,"column":53}}],"line":44},"4":{"loc":{"start":{"line":58,"column":8},"end":{"line":67,"column":9}},"type":"if","locations":[{"start":{"line":58,"column":8},"end":{"line":67,"column":9}},{"start":{"line":58,"column":8},"end":{"line":67,"column":9}}],"line":58},"5":{"loc":{"start":{"line":58,"column":12},"end":{"line":59,"column":78}},"type":"binary-expr","locations":[{"start":{"line":58,"column":12},"end":{"line":58,"column":36}},{"start":{"line":58,"column":40},"end":{"line":58,"column":66}},{"start":{"line":59,"column":15},"end":{"line":59,"column":35}},{"start":{"line":59,"column":39},"end":{"line":59,"column":78}}],"line":58},"6":{"loc":{"start":{"line":61,"column":12},"end":{"line":61,"column":80}},"type":"if","locations":[{"start":{"line":61,"column":12},"end":{"line":61,"column":80}},{"start":{"line":61,"column":12},"end":{"line":61,"column":80}}],"line":61},"7":{"loc":{"start":{"line":64,"column":12},"end":{"line":64,"column":81}},"type":"if","locations":[{"start":{"line":64,"column":12},"end":{"line":64,"column":81}},{"start":{"line":64,"column":12},"end":{"line":64,"column":81}}],"line":64}},"s":{"0":3,"1":3,"2":1,"3":1,"4":2,"5":2,"6":2,"7":1,"8":2,"9":1,"10":2,"11":2,"12":2,"13":3,"14":2,"15":4,"16":2,"17":0,"18":2,"19":4,"20":2,"21":1,"22":1,"23":1},"f":{"0":3,"1":1,"2":2,"3":2,"4":3,"5":4,"6":4},"b":{"0":[1,1],"1":[2,1],"2":[1,1],"3":[2,1],"4":[2,1],"5":[3,2,2,2],"6":[0,2],"7":[1,1]},"_coverageSchema":"1a1c01bbd47fc00a2c39e90264f33305004495a9","hash":"e43b1f23d46c5283384b265b1316fef41dc7f4c4"}
,"/Users/andrew/export/mars-sdk/DiscoveryResult.js": {"path":"/Users/andrew/export/mars-sdk/DiscoveryResult.js","statementMap":{"0":{"start":{"line":19,"column":8},"end":{"line":19,"column":31}},"1":{"start":{"line":20,"column":8},"end":{"line":20,"column":38}},"2":{"start":{"line":21,"column":8},"end":{"line":21,"column":32}},"3":{"start":{"line":29,"column":8},"end":{"line":35,"column":9}},"4":{"start":{"line":30,"column":12},"end":{"line":34,"column":13}},"5":{"start":{"line":31,"column":16},"end":{"line":31,"column":36}},"6":{"start":{"line":33,"column":16},"end":{"line":33,"column":38}},"7":{"start":{"line":36,"column":8},"end":{"line":36,"column":20}},"8":{"start":{"line":44,"column":8},"end":{"line":44,"column":35}},"9":{"start":{"line":45,"column":8},"end":{"line":45,"column":20}},"10":{"start":{"line":53,"column":8},"end":{"line":53,"column":29}},"11":{"start":{"line":54,"column":8},"end":{"line":54,"column":20}},"12":{"start":{"line":61,"column":8},"end":{"line":63,"column":9}},"13":{"start":{"line":62,"column":12},"end":{"line":62,"column":65}},"14":{"start":{"line":65,"column":8},"end":{"line":67,"column":9}},"15":{"start":{"line":66,"column":12},"end":{"line":66,"column":64}},"16":{"start":{"line":69,"column":8},"end":{"line":86,"column":9}},"17":{"start":{"line":70,"column":12},"end":{"line":72,"column":13}},"18":{"start":{"line":71,"column":16},"end":{"line":71,"column":123}},"19":{"start":{"line":74,"column":12},"end":{"line":85,"column":15}},"20":{"start":{"line":75,"column":16},"end":{"line":77,"column":17}},"21":{"start":{"line":76,"column":20},"end":{"line":76,"column":122}},"22":{"start":{"line":78,"column":16},"end":{"line":80,"column":17}},"23":{"start":{"line":79,"column":20},"end":{"line":79,"column":128}},"24":{"start":{"line":82,"column":16},"end":{"line":84,"column":17}},"25":{"start":{"line":83,"column":20},"end":{"line":83,"column":123}},"26":{"start":{"line":88,"column":8},"end":{"line":92,"column":9}},"27":{"start":{"line":89,"column":12},"end":{"line":89,"column":63}},"28":{"start":{"line":90,"column":15},"end":{"line":92,"column":9}},"29":{"start":{"line":91,"column":12},"end":{"line":91,"column":41}},"30":{"start":{"line":96,"column":0},"end":{"line":98,"column":2}}},"fnMap":{"0":{"name":"(anonymous_0)","decl":{"start":{"line":18,"column":4},"end":{"line":18,"column":5}},"loc":{"start":{"line":18,"column":18},"end":{"line":22,"column":5}},"line":18},"1":{"name":"(anonymous_1)","decl":{"start":{"line":28,"column":4},"end":{"line":28,"column":5}},"loc":{"start":{"line":28,"column":18},"end":{"line":37,"column":5}},"line":28},"2":{"name":"(anonymous_2)","decl":{"start":{"line":43,"column":4},"end":{"line":43,"column":5}},"loc":{"start":{"line":43,"column":22},"end":{"line":46,"column":5}},"line":43},"3":{"name":"(anonymous_3)","decl":{"start":{"line":52,"column":4},"end":{"line":52,"column":5}},"loc":{"start":{"line":52,"column":22},"end":{"line":55,"column":5}},"line":52},"4":{"name":"(anonymous_4)","decl":{"start":{"line":60,"column":4},"end":{"line":60,"column":5}},"loc":{"start":{"line":60,"column":15},"end":{"line":93,"column":5}},"line":60},"5":{"name":"(anonymous_5)","decl":{"start":{"line":74,"column":31},"end":{"line":74,"column":32}},"loc":{"start":{"line":74,"column":41},"end":{"line":85,"column":13}},"line":74}},"branchMap":{"0":{"loc":{"start":{"line":29,"column":8},"end":{"line":35,"column":9}},"type":"if","locations":[{"start":{"line":29,"column":8},"end":{"line":35,"column":9}},{"start":{"line":29,"column":8},"end":{"line":35,"column":9}}],"line":29},"1":{"loc":{"start":{"line":30,"column":12},"end":{"line":34,"column":13}},"type":"if","locations":[{"start":{"line":30,"column":12},"end":{"line":34,"column":13}},{"start":{"line":30,"column":12},"end":{"line":34,"column":13}}],"line":30},"2":{"loc":{"start":{"line":61,"column":8},"end":{"line":63,"column":9}},"type":"if","locations":[{"start":{"line":61,"column":8},"end":{"line":63,"column":9}},{"start":{"line":61,"column":8},"end":{"line":63,"column":9}}],"line":61},"3":{"loc":{"start":{"line":65,"column":8},"end":{"line":67,"column":9}},"type":"if","locations":[{"start":{"line":65,"column":8},"end":{"line":67,"column":9}},{"start":{"line":65,"column":8},"end":{"line":67,"column":9}}],"line":65},"4":{"loc":{"start":{"line":69,"column":8},"end":{"line":86,"column":9}},"type":"if","locations":[{"start":{"line":69,"column":8},"end":{"line":86,"column":9}},{"start":{"line":69,"column":8},"end":{"line":86,"column":9}}],"line":69},"5":{"loc":{"start":{"line":70,"column":12},"end":{"line":72,"column":13}},"type":"if","locations":[{"start":{"line":70,"column":12},"end":{"line":72,"column":13}},{"start":{"line":70,"column":12},"end":{"line":72,"column":13}}],"line":70},"6":{"loc":{"start":{"line":70,"column":16},"end":{"line":70,"column":61}},"type":"binary-expr","locations":[{"start":{"line":70,"column":16},"end":{"line":70,"column":34}},{"start":{"line":70,"column":38},"end":{"line":70,"column":61}}],"line":70},"7":{"loc":{"start":{"line":75,"column":16},"end":{"line":77,"column":17}},"type":"if","locations":[{"start":{"line":75,"column":16},"end":{"line":77,"column":17}},{"start":{"line":75,"column":16},"end":{"line":77,"column":17}}],"line":75},"8":{"loc":{"start":{"line":78,"column":16},"end":{"line":80,"column":17}},"type":"if","locations":[{"start":{"line":78,"column":16},"end":{"line":80,"column":17}},{"start":{"line":78,"column":16},"end":{"line":80,"column":17}}],"line":78},"9":{"loc":{"start":{"line":82,"column":16},"end":{"line":84,"column":17}},"type":"if","locations":[{"start":{"line":82,"column":16},"end":{"line":84,"column":17}},{"start":{"line":82,"column":16},"end":{"line":84,"column":17}}],"line":82},"10":{"loc":{"start":{"line":88,"column":8},"end":{"line":92,"column":9}},"type":"if","locations":[{"start":{"line":88,"column":8},"end":{"line":92,"column":9}},{"start":{"line":88,"column":8},"end":{"line":92,"column":9}}],"line":88},"11":{"loc":{"start":{"line":88,"column":12},"end":{"line":88,"column":88}},"type":"binary-expr","locations":[{"start":{"line":88,"column":12},"end":{"line":88,"column":37}},{"start":{"line":88,"column":41},"end":{"line":88,"column":88}}],"line":88},"12":{"loc":{"start":{"line":90,"column":15},"end":{"line":92,"column":9}},"type":"if","locations":[{"start":{"line":90,"column":15},"end":{"line":92,"column":9}},{"start":{"line":90,"column":15},"end":{"line":92,"column":9}}],"line":90}},"s":{"0":3,"1":3,"2":3,"3":1,"4":1,"5":1,"6":0,"7":1,"8":1,"9":1,"10":2,"11":2,"12":3,"13":1,"14":2,"15":0,"16":2,"17":1,"18":0,"19":1,"20":1,"21":0,"22":1,"23":0,"24":1,"25":0,"26":2,"27":0,"28":2,"29":1,"30":1},"f":{"0":3,"1":1,"2":1,"3":2,"4":3,"5":1},"b":{"0":[1,0],"1":[1,0],"2":[1,2],"3":[0,2],"4":[1,1],"5":[0,1],"6":[1,1],"7":[0,1],"8":[0,1],"9":[0,1],"10":[0,2],"11":[2,1],"12":[1,1]},"_coverageSchema":"1a1c01bbd47fc00a2c39e90264f33305004495a9","hash":"1408147b7f7076bd9d2c34e6d33c819508d3370f"}
,"/Users/andrew/export/mars-sdk/Event.js": {"path":"/Users/andrew/export/mars-sdk/Event.js","statementMap":{"0":{"start":{"line":9,"column":19},"end":{"line":9,"column":80}},"1":{"start":{"line":36,"column":8},"end":{"line":36,"column":34}},"2":{"start":{"line":37,"column":8},"end":{"line":37,"column":32}},"3":{"start":{"line":38,"column":8},"end":{"line":38,"column":31}},"4":{"start":{"line":39,"column":8},"end":{"line":39,"column":37}},"5":{"start":{"line":40,"column":8},"end":{"line":40,"column":30}},"6":{"start":{"line":41,"column":8},"end":{"line":41,"column":36}},"7":{"start":{"line":42,"column":8},"end":{"line":42,"column":36}},"8":{"start":{"line":43,"column":8},"end":{"line":43,"column":33}},"9":{"start":{"line":44,"column":8},"end":{"line":44,"column":33}},"10":{"start":{"line":45,"column":8},"end":{"line":45,"column":31}},"11":{"start":{"line":46,"column":8},"end":{"line":46,"column":31}},"12":{"start":{"line":47,"column":8},"end":{"line":47,"column":30}},"13":{"start":{"line":55,"column":8},"end":{"line":59,"column":9}},"14":{"start":{"line":56,"column":12},"end":{"line":56,"column":46}},"15":{"start":{"line":58,"column":12},"end":{"line":58,"column":32}},"16":{"start":{"line":61,"column":8},"end":{"line":61,"column":20}},"17":{"start":{"line":69,"column":8},"end":{"line":69,"column":29}},"18":{"start":{"line":70,"column":8},"end":{"line":70,"column":20}},"19":{"start":{"line":78,"column":8},"end":{"line":78,"column":27}},"20":{"start":{"line":79,"column":8},"end":{"line":79,"column":20}},"21":{"start":{"line":87,"column":8},"end":{"line":87,"column":32}},"22":{"start":{"line":88,"column":8},"end":{"line":88,"column":20}},"23":{"start":{"line":96,"column":8},"end":{"line":96,"column":23}},"24":{"start":{"line":97,"column":8},"end":{"line":97,"column":20}},"25":{"start":{"line":105,"column":8},"end":{"line":105,"column":30}},"26":{"start":{"line":106,"column":8},"end":{"line":106,"column":20}},"27":{"start":{"line":114,"column":8},"end":{"line":114,"column":33}},"28":{"start":{"line":115,"column":8},"end":{"line":115,"column":20}},"29":{"start":{"line":123,"column":8},"end":{"line":123,"column":31}},"30":{"start":{"line":124,"column":8},"end":{"line":124,"column":20}},"31":{"start":{"line":132,"column":8},"end":{"line":132,"column":31}},"32":{"start":{"line":133,"column":8},"end":{"line":133,"column":20}},"33":{"start":{"line":141,"column":8},"end":{"line":141,"column":27}},"34":{"start":{"line":142,"column":8},"end":{"line":142,"column":20}},"35":{"start":{"line":150,"column":8},"end":{"line":150,"column":27}},"36":{"start":{"line":151,"column":8},"end":{"line":151,"column":20}},"37":{"start":{"line":159,"column":8},"end":{"line":159,"column":25}},"38":{"start":{"line":160,"column":8},"end":{"line":160,"column":20}},"39":{"start":{"line":169,"column":22},"end":{"line":169,"column":33}},"40":{"start":{"line":170,"column":8},"end":{"line":172,"column":9}},"41":{"start":{"line":171,"column":12},"end":{"line":171,"column":53}},"42":{"start":{"line":173,"column":8},"end":{"line":175,"column":9}},"43":{"start":{"line":174,"column":12},"end":{"line":174,"column":49}},"44":{"start":{"line":176,"column":8},"end":{"line":178,"column":9}},"45":{"start":{"line":177,"column":12},"end":{"line":177,"column":47}},"46":{"start":{"line":179,"column":8},"end":{"line":181,"column":9}},"47":{"start":{"line":180,"column":12},"end":{"line":180,"column":59}},"48":{"start":{"line":182,"column":8},"end":{"line":184,"column":9}},"49":{"start":{"line":183,"column":12},"end":{"line":183,"column":45}},"50":{"start":{"line":185,"column":8},"end":{"line":187,"column":9}},"51":{"start":{"line":186,"column":12},"end":{"line":186,"column":56}},"52":{"start":{"line":188,"column":8},"end":{"line":190,"column":9}},"53":{"start":{"line":189,"column":12},"end":{"line":189,"column":56}},"54":{"start":{"line":191,"column":8},"end":{"line":193,"column":9}},"55":{"start":{"line":192,"column":12},"end":{"line":192,"column":55}},"56":{"start":{"line":194,"column":8},"end":{"line":196,"column":9}},"57":{"start":{"line":195,"column":12},"end":{"line":195,"column":51}},"58":{"start":{"line":197,"column":8},"end":{"line":199,"column":9}},"59":{"start":{"line":198,"column":12},"end":{"line":198,"column":51}},"60":{"start":{"line":200,"column":8},"end":{"line":202,"column":9}},"61":{"start":{"line":201,"column":12},"end":{"line":201,"column":47}},"62":{"start":{"line":203,"column":8},"end":{"line":205,"column":9}},"63":{"start":{"line":204,"column":12},"end":{"line":204,"column":47}},"64":{"start":{"line":206,"column":8},"end":{"line":208,"column":9}},"65":{"start":{"line":207,"column":12},"end":{"line":207,"column":45}},"66":{"start":{"line":209,"column":8},"end":{"line":209,"column":21}},"67":{"start":{"line":213,"column":8},"end":{"line":215,"column":9}},"68":{"start":{"line":214,"column":12},"end":{"line":214,"column":66}},"69":{"start":{"line":217,"column":8},"end":{"line":223,"column":9}},"70":{"start":{"line":218,"column":12},"end":{"line":218,"column":89}},"71":{"start":{"line":219,"column":15},"end":{"line":223,"column":9}},"72":{"start":{"line":220,"column":12},"end":{"line":220,"column":84}},"73":{"start":{"line":221,"column":15},"end":{"line":223,"column":9}},"74":{"start":{"line":222,"column":12},"end":{"line":222,"column":106}},"75":{"start":{"line":225,"column":8},"end":{"line":227,"column":9}},"76":{"start":{"line":226,"column":12},"end":{"line":226,"column":74}},"77":{"start":{"line":229,"column":8},"end":{"line":231,"column":9}},"78":{"start":{"line":230,"column":12},"end":{"line":230,"column":73}},"79":{"start":{"line":233,"column":8},"end":{"line":235,"column":9}},"80":{"start":{"line":234,"column":12},"end":{"line":234,"column":79}},"81":{"start":{"line":237,"column":8},"end":{"line":239,"column":9}},"82":{"start":{"line":238,"column":12},"end":{"line":238,"column":55}},"83":{"start":{"line":241,"column":8},"end":{"line":243,"column":9}},"84":{"start":{"line":242,"column":12},"end":{"line":242,"column":106}},"85":{"start":{"line":245,"column":8},"end":{"line":247,"column":9}},"86":{"start":{"line":246,"column":12},"end":{"line":246,"column":83}},"87":{"start":{"line":249,"column":8},"end":{"line":251,"column":9}},"88":{"start":{"line":250,"column":12},"end":{"line":250,"column":80}},"89":{"start":{"line":253,"column":8},"end":{"line":263,"column":9}},"90":{"start":{"line":254,"column":12},"end":{"line":256,"column":13}},"91":{"start":{"line":255,"column":16},"end":{"line":255,"column":82}},"92":{"start":{"line":258,"column":12},"end":{"line":262,"column":15}},"93":{"start":{"line":259,"column":16},"end":{"line":261,"column":17}},"94":{"start":{"line":260,"column":20},"end":{"line":260,"column":81}},"95":{"start":{"line":265,"column":8},"end":{"line":267,"column":9}},"96":{"start":{"line":266,"column":12},"end":{"line":266,"column":78}},"97":{"start":{"line":269,"column":8},"end":{"line":271,"column":9}},"98":{"start":{"line":270,"column":12},"end":{"line":270,"column":78}},"99":{"start":{"line":273,"column":8},"end":{"line":277,"column":9}},"100":{"start":{"line":274,"column":12},"end":{"line":276,"column":13}},"101":{"start":{"line":275,"column":16},"end":{"line":275,"column":70}},"102":{"start":{"line":281,"column":0},"end":{"line":283,"column":2}}},"fnMap":{"0":{"name":"(anonymous_0)","decl":{"start":{"line":35,"column":4},"end":{"line":35,"column":5}},"loc":{"start":{"line":35,"column":18},"end":{"line":48,"column":5}},"line":35},"1":{"name":"(anonymous_1)","decl":{"start":{"line":54,"column":4},"end":{"line":54,"column":5}},"loc":{"start":{"line":54,"column":21},"end":{"line":62,"column":5}},"line":54},"2":{"name":"(anonymous_2)","decl":{"start":{"line":68,"column":4},"end":{"line":68,"column":5}},"loc":{"start":{"line":68,"column":22},"end":{"line":71,"column":5}},"line":68},"3":{"name":"(anonymous_3)","decl":{"start":{"line":77,"column":4},"end":{"line":77,"column":5}},"loc":{"start":{"line":77,"column":20},"end":{"line":80,"column":5}},"line":77},"4":{"name":"(anonymous_4)","decl":{"start":{"line":86,"column":4},"end":{"line":86,"column":5}},"loc":{"start":{"line":86,"column":25},"end":{"line":89,"column":5}},"line":86},"5":{"name":"(anonymous_5)","decl":{"start":{"line":95,"column":4},"end":{"line":95,"column":5}},"loc":{"start":{"line":95,"column":16},"end":{"line":98,"column":5}},"line":95},"6":{"name":"(anonymous_6)","decl":{"start":{"line":104,"column":4},"end":{"line":104,"column":5}},"loc":{"start":{"line":104,"column":22},"end":{"line":107,"column":5}},"line":104},"7":{"name":"(anonymous_7)","decl":{"start":{"line":113,"column":4},"end":{"line":113,"column":5}},"loc":{"start":{"line":113,"column":25},"end":{"line":116,"column":5}},"line":113},"8":{"name":"(anonymous_8)","decl":{"start":{"line":122,"column":4},"end":{"line":122,"column":5}},"loc":{"start":{"line":122,"column":24},"end":{"line":125,"column":5}},"line":122},"9":{"name":"(anonymous_9)","decl":{"start":{"line":131,"column":4},"end":{"line":131,"column":5}},"loc":{"start":{"line":131,"column":24},"end":{"line":134,"column":5}},"line":131},"10":{"name":"(anonymous_10)","decl":{"start":{"line":140,"column":4},"end":{"line":140,"column":5}},"loc":{"start":{"line":140,"column":20},"end":{"line":143,"column":5}},"line":140},"11":{"name":"(anonymous_11)","decl":{"start":{"line":149,"column":4},"end":{"line":149,"column":5}},"loc":{"start":{"line":149,"column":20},"end":{"line":152,"column":5}},"line":149},"12":{"name":"(anonymous_12)","decl":{"start":{"line":158,"column":4},"end":{"line":158,"column":5}},"loc":{"start":{"line":158,"column":18},"end":{"line":161,"column":5}},"line":158},"13":{"name":"(anonymous_13)","decl":{"start":{"line":168,"column":4},"end":{"line":168,"column":5}},"loc":{"start":{"line":168,"column":30},"end":{"line":210,"column":5}},"line":168},"14":{"name":"(anonymous_14)","decl":{"start":{"line":212,"column":4},"end":{"line":212,"column":5}},"loc":{"start":{"line":212,"column":15},"end":{"line":278,"column":5}},"line":212},"15":{"name":"(anonymous_15)","decl":{"start":{"line":258,"column":33},"end":{"line":258,"column":34}},"loc":{"start":{"line":258,"column":42},"end":{"line":262,"column":13}},"line":258}},"branchMap":{"0":{"loc":{"start":{"line":55,"column":8},"end":{"line":59,"column":9}},"type":"if","locations":[{"start":{"line":55,"column":8},"end":{"line":59,"column":9}},{"start":{"line":55,"column":8},"end":{"line":59,"column":9}}],"line":55},"1":{"loc":{"start":{"line":170,"column":8},"end":{"line":172,"column":9}},"type":"if","locations":[{"start":{"line":170,"column":8},"end":{"line":172,"column":9}},{"start":{"line":170,"column":8},"end":{"line":172,"column":9}}],"line":170},"2":{"loc":{"start":{"line":173,"column":8},"end":{"line":175,"column":9}},"type":"if","locations":[{"start":{"line":173,"column":8},"end":{"line":175,"column":9}},{"start":{"line":173,"column":8},"end":{"line":175,"column":9}}],"line":173},"3":{"loc":{"start":{"line":176,"column":8},"end":{"line":178,"column":9}},"type":"if","locations":[{"start":{"line":176,"column":8},"end":{"line":178,"column":9}},{"start":{"line":176,"column":8},"end":{"line":178,"column":9}}],"line":176},"4":{"loc":{"start":{"line":179,"column":8},"end":{"line":181,"column":9}},"type":"if","locations":[{"start":{"line":179,"column":8},"end":{"line":181,"column":9}},{"start":{"line":179,"column":8},"end":{"line":181,"column":9}}],"line":179},"5":{"loc":{"start":{"line":182,"column":8},"end":{"line":184,"column":9}},"type":"if","locations":[{"start":{"line":182,"column":8},"end":{"line":184,"column":9}},{"start":{"line":182,"column":8},"end":{"line":184,"column":9}}],"line":182},"6":{"loc":{"start":{"line":185,"column":8},"end":{"line":187,"column":9}},"type":"if","locations":[{"start":{"line":185,"column":8},"end":{"line":187,"column":9}},{"start":{"line":185,"column":8},"end":{"line":187,"column":9}}],"line":185},"7":{"loc":{"start":{"line":188,"column":8},"end":{"line":190,"column":9}},"type":"if","locations":[{"start":{"line":188,"column":8},"end":{"line":190,"column":9}},{"start":{"line":188,"column":8},"end":{"line":190,"column":9}}],"line":188},"8":{"loc":{"start":{"line":191,"column":8},"end":{"line":193,"column":9}},"type":"if","locations":[{"start":{"line":191,"column":8},"end":{"line":193,"column":9}},{"start":{"line":191,"column":8},"end":{"line":193,"column":9}}],"line":191},"9":{"loc":{"start":{"line":194,"column":8},"end":{"line":196,"column":9}},"type":"if","locations":[{"start":{"line":194,"column":8},"end":{"line":196,"column":9}},{"start":{"line":194,"column":8},"end":{"line":196,"column":9}}],"line":194},"10":{"loc":{"start":{"line":197,"column":8},"end":{"line":199,"column":9}},"type":"if","locations":[{"start":{"line":197,"column":8},"end":{"line":199,"column":9}},{"start":{"line":197,"column":8},"end":{"line":199,"column":9}}],"line":197},"11":{"loc":{"start":{"line":200,"column":8},"end":{"line":202,"column":9}},"type":"if","locations":[{"start":{"line":200,"column":8},"end":{"line":202,"column":9}},{"start":{"line":200,"column":8},"end":{"line":202,"column":9}}],"line":200},"12":{"loc":{"start":{"line":203,"column":8},"end":{"line":205,"column":9}},"type":"if","locations":[{"start":{"line":203,"column":8},"end":{"line":205,"column":9}},{"start":{"line":203,"column":8},"end":{"line":205,"column":9}}],"line":203},"13":{"loc":{"start":{"line":206,"column":8},"end":{"line":208,"column":9}},"type":"if","locations":[{"start":{"line":206,"column":8},"end":{"line":208,"column":9}},{"start":{"line":206,"column":8},"end":{"line":208,"column":9}}],"line":206},"14":{"loc":{"start":{"line":213,"column":8},"end":{"line":215,"column":9}},"type":"if","locations":[{"start":{"line":213,"column":8},"end":{"line":215,"column":9}},{"start":{"line":213,"column":8},"end":{"line":215,"column":9}}],"line":213},"15":{"loc":{"start":{"line":217,"column":8},"end":{"line":223,"column":9}},"type":"if","locations":[{"start":{"line":217,"column":8},"end":{"line":223,"column":9}},{"start":{"line":217,"column":8},"end":{"line":223,"column":9}}],"line":217},"16":{"loc":{"start":{"line":217,"column":12},"end":{"line":217,"column":84}},"type":"binary-expr","locations":[{"start":{"line":217,"column":12},"end":{"line":217,"column":45}},{"start":{"line":217,"column":49},"end":{"line":217,"column":84}}],"line":217},"17":{"loc":{"start":{"line":219,"column":15},"end":{"line":223,"column":9}},"type":"if","locations":[{"start":{"line":219,"column":15},"end":{"line":223,"column":9}},{"start":{"line":219,"column":15},"end":{"line":223,"column":9}}],"line":219},"18":{"loc":{"start":{"line":219,"column":19},"end":{"line":219,"column":132}},"type":"binary-expr","locations":[{"start":{"line":219,"column":19},"end":{"line":219,"column":52}},{"start":{"line":219,"column":57},"end":{"line":219,"column":89}},{"start":{"line":219,"column":93},"end":{"line":219,"column":110}},{"start":{"line":219,"column":114},"end":{"line":219,"column":131}}],"line":219},"19":{"loc":{"start":{"line":221,"column":15},"end":{"line":223,"column":9}},"type":"if","locations":[{"start":{"line":221,"column":15},"end":{"line":223,"column":9}},{"start":{"line":221,"column":15},"end":{"line":223,"column":9}}],"line":221},"20":{"loc":{"start":{"line":221,"column":19},"end":{"line":221,"column":89}},"type":"binary-expr","locations":[{"start":{"line":221,"column":19},"end":{"line":221,"column":52}},{"start":{"line":221,"column":56},"end":{"line":221,"column":89}}],"line":221},"21":{"loc":{"start":{"line":225,"column":8},"end":{"line":227,"column":9}},"type":"if","locations":[{"start":{"line":225,"column":8},"end":{"line":227,"column":9}},{"start":{"line":225,"column":8},"end":{"line":227,"column":9}}],"line":225},"22":{"loc":{"start":{"line":225,"column":12},"end":{"line":225,"column":88}},"type":"binary-expr","locations":[{"start":{"line":225,"column":12},"end":{"line":225,"column":31}},{"start":{"line":225,"column":35},"end":{"line":225,"column":66}},{"start":{"line":225,"column":70},"end":{"line":225,"column":88}}],"line":225},"23":{"loc":{"start":{"line":229,"column":8},"end":{"line":231,"column":9}},"type":"if","locations":[{"start":{"line":229,"column":8},"end":{"line":231,"column":9}},{"start":{"line":229,"column":8},"end":{"line":231,"column":9}}],"line":229},"24":{"loc":{"start":{"line":229,"column":12},"end":{"line":229,"column":85}},"type":"binary-expr","locations":[{"start":{"line":229,"column":12},"end":{"line":229,"column":30}},{"start":{"line":229,"column":34},"end":{"line":229,"column":64}},{"start":{"line":229,"column":68},"end":{"line":229,"column":85}}],"line":229},"25":{"loc":{"start":{"line":233,"column":8},"end":{"line":235,"column":9}},"type":"if","locations":[{"start":{"line":233,"column":8},"end":{"line":235,"column":9}},{"start":{"line":233,"column":8},"end":{"line":235,"column":9}}],"line":233},"26":{"loc":{"start":{"line":233,"column":12},"end":{"line":233,"column":103}},"type":"binary-expr","locations":[{"start":{"line":233,"column":12},"end":{"line":233,"column":36}},{"start":{"line":233,"column":40},"end":{"line":233,"column":76}},{"start":{"line":233,"column":80},"end":{"line":233,"column":103}}],"line":233},"27":{"loc":{"start":{"line":237,"column":8},"end":{"line":239,"column":9}},"type":"if","locations":[{"start":{"line":237,"column":8},"end":{"line":239,"column":9}},{"start":{"line":237,"column":8},"end":{"line":239,"column":9}}],"line":237},"28":{"loc":{"start":{"line":237,"column":12},"end":{"line":237,"column":62}},"type":"binary-expr","locations":[{"start":{"line":237,"column":12},"end":{"line":237,"column":29}},{"start":{"line":237,"column":33},"end":{"line":237,"column":62}}],"line":237},"29":{"loc":{"start":{"line":241,"column":8},"end":{"line":243,"column":9}},"type":"if","locations":[{"start":{"line":241,"column":8},"end":{"line":243,"column":9}},{"start":{"line":241,"column":8},"end":{"line":243,"column":9}}],"line":241},"30":{"loc":{"start":{"line":241,"column":12},"end":{"line":241,"column":74}},"type":"binary-expr","locations":[{"start":{"line":241,"column":12},"end":{"line":241,"column":35}},{"start":{"line":241,"column":39},"end":{"line":241,"column":74}}],"line":241},"31":{"loc":{"start":{"line":245,"column":8},"end":{"line":247,"column":9}},"type":"if","locations":[{"start":{"line":245,"column":8},"end":{"line":247,"column":9}},{"start":{"line":245,"column":8},"end":{"line":247,"column":9}}],"line":245},"32":{"loc":{"start":{"line":245,"column":12},"end":{"line":245,"column":74}},"type":"binary-expr","locations":[{"start":{"line":245,"column":12},"end":{"line":245,"column":35}},{"start":{"line":245,"column":39},"end":{"line":245,"column":74}}],"line":245},"33":{"loc":{"start":{"line":249,"column":8},"end":{"line":251,"column":9}},"type":"if","locations":[{"start":{"line":249,"column":8},"end":{"line":251,"column":9}},{"start":{"line":249,"column":8},"end":{"line":251,"column":9}}],"line":249},"34":{"loc":{"start":{"line":249,"column":12},"end":{"line":249,"column":68}},"type":"binary-expr","locations":[{"start":{"line":249,"column":12},"end":{"line":249,"column":32}},{"start":{"line":249,"column":36},"end":{"line":249,"column":68}}],"line":249},"35":{"loc":{"start":{"line":253,"column":8},"end":{"line":263,"column":9}},"type":"if","locations":[{"start":{"line":253,"column":8},"end":{"line":263,"column":9}},{"start":{"line":253,"column":8},"end":{"line":263,"column":9}}],"line":253},"36":{"loc":{"start":{"line":254,"column":12},"end":{"line":256,"column":13}},"type":"if","locations":[{"start":{"line":254,"column":12},"end":{"line":256,"column":13}},{"start":{"line":254,"column":12},"end":{"line":256,"column":13}}],"line":254},"37":{"loc":{"start":{"line":254,"column":16},"end":{"line":254,"column":73}},"type":"binary-expr","locations":[{"start":{"line":254,"column":16},"end":{"line":254,"column":44}},{"start":{"line":254,"column":48},"end":{"line":254,"column":73}}],"line":254},"38":{"loc":{"start":{"line":259,"column":16},"end":{"line":261,"column":17}},"type":"if","locations":[{"start":{"line":259,"column":16},"end":{"line":261,"column":17}},{"start":{"line":259,"column":16},"end":{"line":261,"column":17}}],"line":259},"39":{"loc":{"start":{"line":265,"column":8},"end":{"line":267,"column":9}},"type":"if","locations":[{"start":{"line":265,"column":8},"end":{"line":267,"column":9}},{"start":{"line":265,"column":8},"end":{"line":267,"column":9}}],"line":265},"40":{"loc":{"start":{"line":265,"column":12},"end":{"line":265,"column":64}},"type":"binary-expr","locations":[{"start":{"line":265,"column":12},"end":{"line":265,"column":30}},{"start":{"line":265,"column":34},"end":{"line":265,"column":64}}],"line":265},"41":{"loc":{"start":{"line":269,"column":8},"end":{"line":271,"column":9}},"type":"if","locations":[{"start":{"line":269,"column":8},"end":{"line":271,"column":9}},{"start":{"line":269,"column":8},"end":{"line":271,"column":9}}],"line":269},"42":{"loc":{"start":{"line":269,"column":12},"end":{"line":269,"column":64}},"type":"binary-expr","locations":[{"start":{"line":269,"column":12},"end":{"line":269,"column":30}},{"start":{"line":269,"column":34},"end":{"line":269,"column":64}}],"line":269},"43":{"loc":{"start":{"line":273,"column":8},"end":{"line":277,"column":9}},"type":"if","locations":[{"start":{"line":273,"column":8},"end":{"line":277,"column":9}},{"start":{"line":273,"column":8},"end":{"line":277,"column":9}}],"line":273},"44":{"loc":{"start":{"line":274,"column":12},"end":{"line":276,"column":13}},"type":"if","locations":[{"start":{"line":274,"column":12},"end":{"line":276,"column":13}},{"start":{"line":274,"column":12},"end":{"line":276,"column":13}}],"line":274}},"s":{"0":1,"1":6,"2":6,"3":6,"4":6,"5":6,"6":6,"7":6,"8":6,"9":6,"10":6,"11":6,"12":6,"13":6,"14":6,"15":0,"16":6,"17":5,"18":5,"19":6,"20":6,"21":6,"22":6,"23":0,"24":0,"25":0,"26":0,"27":0,"28":0,"29":0,"30":0,"31":0,"32":0,"33":0,"34":0,"35":1,"36":1,"37":0,"38":0,"39":0,"40":0,"41":0,"42":0,"43":0,"44":0,"45":0,"46":0,"47":0,"48":0,"49":0,"50":0,"51":0,"52":0,"53":0,"54":0,"55":0,"56":0,"57":0,"58":0,"59":0,"60":0,"61":0,"62":0,"63":0,"64":0,"65":0,"66":0,"67":6,"68":0,"69":6,"70":1,"71":5,"72":0,"73":5,"74":0,"75":5,"76":1,"77":4,"78":0,"79":4,"80":0,"81":4,"82":0,"83":4,"84":0,"85":4,"86":0,"87":4,"88":0,"89":4,"90":0,"91":0,"92":0,"93":0,"94":0,"95":4,"96":0,"97":4,"98":0,"99":4,"100":0,"101":0,"102":1},"f":{"0":6,"1":6,"2":5,"3":6,"4":6,"5":0,"6":0,"7":0,"8":0,"9":0,"10":0,"11":1,"12":0,"13":0,"14":6,"15":0},"b":{"0":[6,0],"1":[0,0],"2":[0,0],"3":[0,0],"4":[0,0],"5":[0,0],"6":[0,0],"7":[0,0],"8":[0,0],"9":[0,0],"10":[0,0],"11":[0,0],"12":[0,0],"13":[0,0],"14":[0,6],"15":[1,5],"16":[6,6],"17":[0,5],"18":[5,0,0,0],"19":[0,5],"20":[5,0],"21":[1,4],"22":[5,4,4],"23":[0,4],"24":[4,4,4],"25":[0,4],"26":[4,4,4],"27":[0,4],"28":[4,0],"29":[0,4],"30":[4,0],"31":[0,4],"32":[4,0],"33":[0,4],"34":[4,0],"35":[0,4],"36":[0,0],"37":[0,0],"38":[0,0],"39":[0,4],"40":[4,0],"41":[0,4],"42":[4,1],"43":[0,4],"44":[0,0]},"_coverageSchema":"1a1c01bbd47fc00a2c39e90264f33305004495a9","hash":"547c3c62f5326546dfa3b89144eb6c23292aa175"}
,"/Users/andrew/export/mars-sdk/Metric.js": {"path":"/Users/andrew/export/mars-sdk/Metric.js","statementMap":{"0":{"start":{"line":9,"column":18},"end":{"line":9,"column":36}},"1":{"start":{"line":14,"column":27},"end":{"line":14,"column":57}},"2":{"start":{"line":41,"column":8},"end":{"line":41,"column":30}},"3":{"start":{"line":42,"column":8},"end":{"line":42,"column":32}},"4":{"start":{"line":43,"column":8},"end":{"line":43,"column":32}},"5":{"start":{"line":44,"column":8},"end":{"line":44,"column":29}},"6":{"start":{"line":46,"column":8},"end":{"line":46,"column":36}},"7":{"start":{"line":47,"column":8},"end":{"line":47,"column":37}},"8":{"start":{"line":48,"column":8},"end":{"line":48,"column":41}},"9":{"start":{"line":49,"column":8},"end":{"line":49,"column":30}},"10":{"start":{"line":50,"column":8},"end":{"line":50,"column":30}},"11":{"start":{"line":51,"column":8},"end":{"line":51,"column":30}},"12":{"start":{"line":52,"column":8},"end":{"line":52,"column":32}},"13":{"start":{"line":53,"column":8},"end":{"line":53,"column":30}},"14":{"start":{"line":61,"column":8},"end":{"line":66,"column":9}},"15":{"start":{"line":62,"column":27},"end":{"line":62,"column":43}},"16":{"start":{"line":63,"column":12},"end":{"line":63,"column":61}},"17":{"start":{"line":65,"column":12},"end":{"line":65,"column":29}},"18":{"start":{"line":67,"column":8},"end":{"line":67,"column":20}},"19":{"start":{"line":75,"column":8},"end":{"line":75,"column":27}},"20":{"start":{"line":76,"column":8},"end":{"line":76,"column":20}},"21":{"start":{"line":84,"column":8},"end":{"line":84,"column":29}},"22":{"start":{"line":85,"column":8},"end":{"line":85,"column":20}},"23":{"start":{"line":93,"column":8},"end":{"line":93,"column":23}},"24":{"start":{"line":94,"column":8},"end":{"line":94,"column":20}},"25":{"start":{"line":102,"column":8},"end":{"line":102,"column":23}},"26":{"start":{"line":103,"column":8},"end":{"line":103,"column":20}},"27":{"start":{"line":111,"column":8},"end":{"line":111,"column":32}},"28":{"start":{"line":112,"column":8},"end":{"line":112,"column":20}},"29":{"start":{"line":121,"column":8},"end":{"line":121,"column":33}},"30":{"start":{"line":122,"column":8},"end":{"line":122,"column":20}},"31":{"start":{"line":130,"column":8},"end":{"line":130,"column":34}},"32":{"start":{"line":131,"column":8},"end":{"line":131,"column":20}},"33":{"start":{"line":139,"column":8},"end":{"line":139,"column":25}},"34":{"start":{"line":140,"column":8},"end":{"line":140,"column":20}},"35":{"start":{"line":149,"column":8},"end":{"line":151,"column":9}},"36":{"start":{"line":150,"column":12},"end":{"line":150,"column":27}},"37":{"start":{"line":153,"column":8},"end":{"line":153,"column":31}},"38":{"start":{"line":155,"column":8},"end":{"line":155,"column":20}},"39":{"start":{"line":163,"column":8},"end":{"line":163,"column":25}},"40":{"start":{"line":164,"column":8},"end":{"line":164,"column":20}},"41":{"start":{"line":172,"column":8},"end":{"line":172,"column":25}},"42":{"start":{"line":173,"column":8},"end":{"line":173,"column":20}},"43":{"start":{"line":181,"column":8},"end":{"line":181,"column":29}},"44":{"start":{"line":182,"column":8},"end":{"line":182,"column":20}},"45":{"start":{"line":189,"column":8},"end":{"line":189,"column":28}},"46":{"start":{"line":190,"column":8},"end":{"line":190,"column":20}},"47":{"start":{"line":197,"column":8},"end":{"line":197,"column":30}},"48":{"start":{"line":198,"column":8},"end":{"line":198,"column":20}},"49":{"start":{"line":207,"column":23},"end":{"line":207,"column":35}},"50":{"start":{"line":208,"column":8},"end":{"line":210,"column":9}},"51":{"start":{"line":209,"column":12},"end":{"line":209,"column":46}},"52":{"start":{"line":211,"column":8},"end":{"line":213,"column":9}},"53":{"start":{"line":212,"column":12},"end":{"line":212,"column":50}},"54":{"start":{"line":214,"column":8},"end":{"line":216,"column":9}},"55":{"start":{"line":215,"column":12},"end":{"line":215,"column":50}},"56":{"start":{"line":217,"column":8},"end":{"line":219,"column":9}},"57":{"start":{"line":218,"column":12},"end":{"line":218,"column":44}},"58":{"start":{"line":220,"column":8},"end":{"line":222,"column":9}},"59":{"start":{"line":221,"column":12},"end":{"line":221,"column":57}},"60":{"start":{"line":223,"column":8},"end":{"line":225,"column":9}},"61":{"start":{"line":224,"column":12},"end":{"line":224,"column":60}},"62":{"start":{"line":226,"column":8},"end":{"line":228,"column":9}},"63":{"start":{"line":227,"column":12},"end":{"line":227,"column":67}},"64":{"start":{"line":229,"column":8},"end":{"line":231,"column":9}},"65":{"start":{"line":230,"column":12},"end":{"line":230,"column":46}},"66":{"start":{"line":232,"column":8},"end":{"line":234,"column":9}},"67":{"start":{"line":233,"column":12},"end":{"line":233,"column":46}},"68":{"start":{"line":235,"column":8},"end":{"line":237,"column":9}},"69":{"start":{"line":236,"column":12},"end":{"line":236,"column":46}},"70":{"start":{"line":238,"column":8},"end":{"line":240,"column":9}},"71":{"start":{"line":239,"column":12},"end":{"line":239,"column":50}},"72":{"start":{"line":241,"column":8},"end":{"line":243,"column":9}},"73":{"start":{"line":242,"column":12},"end":{"line":242,"column":46}},"74":{"start":{"line":244,"column":8},"end":{"line":244,"column":22}},"75":{"start":{"line":253,"column":8},"end":{"line":259,"column":9}},"76":{"start":{"line":254,"column":12},"end":{"line":254,"column":33}},"77":{"start":{"line":255,"column":15},"end":{"line":259,"column":9}},"78":{"start":{"line":256,"column":12},"end":{"line":256,"column":108}},"79":{"start":{"line":257,"column":15},"end":{"line":259,"column":9}},"80":{"start":{"line":258,"column":12},"end":{"line":258,"column":59}},"81":{"start":{"line":261,"column":8},"end":{"line":263,"column":9}},"82":{"start":{"line":262,"column":12},"end":{"line":262,"column":77}},"83":{"start":{"line":266,"column":8},"end":{"line":268,"column":9}},"84":{"start":{"line":267,"column":12},"end":{"line":267,"column":54}},"85":{"start":{"line":270,"column":8},"end":{"line":272,"column":9}},"86":{"start":{"line":271,"column":12},"end":{"line":271,"column":57}},"87":{"start":{"line":274,"column":8},"end":{"line":276,"column":9}},"88":{"start":{"line":275,"column":12},"end":{"line":275,"column":55}},"89":{"start":{"line":278,"column":8},"end":{"line":280,"column":9}},"90":{"start":{"line":279,"column":12},"end":{"line":279,"column":62}},"91":{"start":{"line":282,"column":8},"end":{"line":284,"column":9}},"92":{"start":{"line":283,"column":12},"end":{"line":283,"column":84}},"93":{"start":{"line":286,"column":8},"end":{"line":288,"column":9}},"94":{"start":{"line":287,"column":12},"end":{"line":287,"column":61}},"95":{"start":{"line":290,"column":8},"end":{"line":292,"column":9}},"96":{"start":{"line":291,"column":12},"end":{"line":291,"column":55}},"97":{"start":{"line":294,"column":8},"end":{"line":296,"column":9}},"98":{"start":{"line":295,"column":12},"end":{"line":295,"column":57}},"99":{"start":{"line":300,"column":0},"end":{"line":302,"column":2}}},"fnMap":{"0":{"name":"(anonymous_0)","decl":{"start":{"line":40,"column":4},"end":{"line":40,"column":5}},"loc":{"start":{"line":40,"column":18},"end":{"line":54,"column":5}},"line":40},"1":{"name":"(anonymous_1)","decl":{"start":{"line":60,"column":4},"end":{"line":60,"column":5}},"loc":{"start":{"line":60,"column":18},"end":{"line":68,"column":5}},"line":60},"2":{"name":"(anonymous_2)","decl":{"start":{"line":74,"column":4},"end":{"line":74,"column":5}},"loc":{"start":{"line":74,"column":20},"end":{"line":77,"column":5}},"line":74},"3":{"name":"(anonymous_3)","decl":{"start":{"line":83,"column":4},"end":{"line":83,"column":5}},"loc":{"start":{"line":83,"column":22},"end":{"line":86,"column":5}},"line":83},"4":{"name":"(anonymous_4)","decl":{"start":{"line":92,"column":4},"end":{"line":92,"column":5}},"loc":{"start":{"line":92,"column":16},"end":{"line":95,"column":5}},"line":92},"5":{"name":"(anonymous_5)","decl":{"start":{"line":101,"column":4},"end":{"line":101,"column":5}},"loc":{"start":{"line":101,"column":16},"end":{"line":104,"column":5}},"line":101},"6":{"name":"(anonymous_6)","decl":{"start":{"line":110,"column":4},"end":{"line":110,"column":5}},"loc":{"start":{"line":110,"column":25},"end":{"line":113,"column":5}},"line":110},"7":{"name":"(anonymous_7)","decl":{"start":{"line":119,"column":4},"end":{"line":119,"column":5}},"loc":{"start":{"line":119,"column":25},"end":{"line":123,"column":5}},"line":119},"8":{"name":"(anonymous_8)","decl":{"start":{"line":129,"column":4},"end":{"line":129,"column":5}},"loc":{"start":{"line":129,"column":26},"end":{"line":132,"column":5}},"line":129},"9":{"name":"(anonymous_9)","decl":{"start":{"line":138,"column":4},"end":{"line":138,"column":5}},"loc":{"start":{"line":138,"column":18},"end":{"line":141,"column":5}},"line":138},"10":{"name":"(anonymous_10)","decl":{"start":{"line":148,"column":4},"end":{"line":148,"column":5}},"loc":{"start":{"line":148,"column":23},"end":{"line":156,"column":5}},"line":148},"11":{"name":"(anonymous_11)","decl":{"start":{"line":162,"column":4},"end":{"line":162,"column":5}},"loc":{"start":{"line":162,"column":18},"end":{"line":165,"column":5}},"line":162},"12":{"name":"(anonymous_12)","decl":{"start":{"line":171,"column":4},"end":{"line":171,"column":5}},"loc":{"start":{"line":171,"column":18},"end":{"line":174,"column":5}},"line":171},"13":{"name":"(anonymous_13)","decl":{"start":{"line":180,"column":4},"end":{"line":180,"column":5}},"loc":{"start":{"line":180,"column":22},"end":{"line":183,"column":5}},"line":180},"14":{"name":"(anonymous_14)","decl":{"start":{"line":188,"column":4},"end":{"line":188,"column":5}},"loc":{"start":{"line":188,"column":12},"end":{"line":191,"column":5}},"line":188},"15":{"name":"(anonymous_15)","decl":{"start":{"line":196,"column":4},"end":{"line":196,"column":5}},"loc":{"start":{"line":196,"column":14},"end":{"line":199,"column":5}},"line":196},"16":{"name":"(anonymous_16)","decl":{"start":{"line":206,"column":4},"end":{"line":206,"column":5}},"loc":{"start":{"line":206,"column":30},"end":{"line":245,"column":5}},"line":206},"17":{"name":"(anonymous_17)","decl":{"start":{"line":251,"column":4},"end":{"line":251,"column":5}},"loc":{"start":{"line":251,"column":15},"end":{"line":297,"column":5}},"line":251}},"branchMap":{"0":{"loc":{"start":{"line":61,"column":8},"end":{"line":66,"column":9}},"type":"if","locations":[{"start":{"line":61,"column":8},"end":{"line":66,"column":9}},{"start":{"line":61,"column":8},"end":{"line":66,"column":9}}],"line":61},"1":{"loc":{"start":{"line":63,"column":24},"end":{"line":63,"column":60}},"type":"cond-expr","locations":[{"start":{"line":63,"column":47},"end":{"line":63,"column":51}},{"start":{"line":63,"column":54},"end":{"line":63,"column":60}}],"line":63},"2":{"loc":{"start":{"line":149,"column":8},"end":{"line":151,"column":9}},"type":"if","locations":[{"start":{"line":149,"column":8},"end":{"line":151,"column":9}},{"start":{"line":149,"column":8},"end":{"line":151,"column":9}}],"line":149},"3":{"loc":{"start":{"line":208,"column":8},"end":{"line":210,"column":9}},"type":"if","locations":[{"start":{"line":208,"column":8},"end":{"line":210,"column":9}},{"start":{"line":208,"column":8},"end":{"line":210,"column":9}}],"line":208},"4":{"loc":{"start":{"line":211,"column":8},"end":{"line":213,"column":9}},"type":"if","locations":[{"start":{"line":211,"column":8},"end":{"line":213,"column":9}},{"start":{"line":211,"column":8},"end":{"line":213,"column":9}}],"line":211},"5":{"loc":{"start":{"line":214,"column":8},"end":{"line":216,"column":9}},"type":"if","locations":[{"start":{"line":214,"column":8},"end":{"line":216,"column":9}},{"start":{"line":214,"column":8},"end":{"line":216,"column":9}}],"line":214},"6":{"loc":{"start":{"line":217,"column":8},"end":{"line":219,"column":9}},"type":"if","locations":[{"start":{"line":217,"column":8},"end":{"line":219,"column":9}},{"start":{"line":217,"column":8},"end":{"line":219,"column":9}}],"line":217},"7":{"loc":{"start":{"line":220,"column":8},"end":{"line":222,"column":9}},"type":"if","locations":[{"start":{"line":220,"column":8},"end":{"line":222,"column":9}},{"start":{"line":220,"column":8},"end":{"line":222,"column":9}}],"line":220},"8":{"loc":{"start":{"line":223,"column":8},"end":{"line":225,"column":9}},"type":"if","locations":[{"start":{"line":223,"column":8},"end":{"line":225,"column":9}},{"start":{"line":223,"column":8},"end":{"line":225,"column":9}}],"line":223},"9":{"loc":{"start":{"line":226,"column":8},"end":{"line":228,"column":9}},"type":"if","locations":[{"start":{"line":226,"column":8},"end":{"line":228,"column":9}},{"start":{"line":226,"column":8},"end":{"line":228,"column":9}}],"line":226},"10":{"loc":{"start":{"line":229,"column":8},"end":{"line":231,"column":9}},"type":"if","locations":[{"start":{"line":229,"column":8},"end":{"line":231,"column":9}},{"start":{"line":229,"column":8},"end":{"line":231,"column":9}}],"line":229},"11":{"loc":{"start":{"line":232,"column":8},"end":{"line":234,"column":9}},"type":"if","locations":[{"start":{"line":232,"column":8},"end":{"line":234,"column":9}},{"start":{"line":232,"column":8},"end":{"line":234,"column":9}}],"line":232},"12":{"loc":{"start":{"line":235,"column":8},"end":{"line":237,"column":9}},"type":"if","locations":[{"start":{"line":235,"column":8},"end":{"line":237,"column":9}},{"start":{"line":235,"column":8},"end":{"line":237,"column":9}}],"line":235},"13":{"loc":{"start":{"line":238,"column":8},"end":{"line":240,"column":9}},"type":"if","locations":[{"start":{"line":238,"column":8},"end":{"line":240,"column":9}},{"start":{"line":238,"column":8},"end":{"line":240,"column":9}}],"line":238},"14":{"loc":{"start":{"line":241,"column":8},"end":{"line":243,"column":9}},"type":"if","locations":[{"start":{"line":241,"column":8},"end":{"line":243,"column":9}},{"start":{"line":241,"column":8},"end":{"line":243,"column":9}}],"line":241},"15":{"loc":{"start":{"line":253,"column":8},"end":{"line":259,"column":9}},"type":"if","locations":[{"start":{"line":253,"column":8},"end":{"line":259,"column":9}},{"start":{"line":253,"column":8},"end":{"line":259,"column":9}}],"line":253},"16":{"loc":{"start":{"line":253,"column":12},"end":{"line":253,"column":65}},"type":"binary-expr","locations":[{"start":{"line":253,"column":12},"end":{"line":253,"column":21}},{"start":{"line":253,"column":25},"end":{"line":253,"column":65}}],"line":253},"17":{"loc":{"start":{"line":255,"column":15},"end":{"line":259,"column":9}},"type":"if","locations":[{"start":{"line":255,"column":15},"end":{"line":259,"column":9}},{"start":{"line":255,"column":15},"end":{"line":259,"column":9}}],"line":255},"18":{"loc":{"start":{"line":255,"column":19},"end":{"line":255,"column":89}},"type":"binary-expr","locations":[{"start":{"line":255,"column":19},"end":{"line":255,"column":68}},{"start":{"line":255,"column":72},"end":{"line":255,"column":89}}],"line":255},"19":{"loc":{"start":{"line":257,"column":15},"end":{"line":259,"column":9}},"type":"if","locations":[{"start":{"line":257,"column":15},"end":{"line":259,"column":9}},{"start":{"line":257,"column":15},"end":{"line":259,"column":9}}],"line":257},"20":{"loc":{"start":{"line":261,"column":8},"end":{"line":263,"column":9}},"type":"if","locations":[{"start":{"line":261,"column":8},"end":{"line":263,"column":9}},{"start":{"line":261,"column":8},"end":{"line":263,"column":9}}],"line":261},"21":{"loc":{"start":{"line":266,"column":8},"end":{"line":268,"column":9}},"type":"if","locations":[{"start":{"line":266,"column":8},"end":{"line":268,"column":9}},{"start":{"line":266,"column":8},"end":{"line":268,"column":9}}],"line":266},"22":{"loc":{"start":{"line":266,"column":12},"end":{"line":266,"column":52}},"type":"binary-expr","locations":[{"start":{"line":266,"column":12},"end":{"line":266,"column":20}},{"start":{"line":266,"column":24},"end":{"line":266,"column":52}}],"line":266},"23":{"loc":{"start":{"line":270,"column":8},"end":{"line":272,"column":9}},"type":"if","locations":[{"start":{"line":270,"column":8},"end":{"line":272,"column":9}},{"start":{"line":270,"column":8},"end":{"line":272,"column":9}}],"line":270},"24":{"loc":{"start":{"line":270,"column":12},"end":{"line":270,"column":58}},"type":"binary-expr","locations":[{"start":{"line":270,"column":12},"end":{"line":270,"column":23}},{"start":{"line":270,"column":27},"end":{"line":270,"column":58}}],"line":270},"25":{"loc":{"start":{"line":274,"column":8},"end":{"line":276,"column":9}},"type":"if","locations":[{"start":{"line":274,"column":8},"end":{"line":276,"column":9}},{"start":{"line":274,"column":8},"end":{"line":276,"column":9}}],"line":274},"26":{"loc":{"start":{"line":274,"column":12},"end":{"line":274,"column":54}},"type":"binary-expr","locations":[{"start":{"line":274,"column":12},"end":{"line":274,"column":21}},{"start":{"line":274,"column":25},"end":{"line":274,"column":54}}],"line":274},"27":{"loc":{"start":{"line":278,"column":8},"end":{"line":280,"column":9}},"type":"if","locations":[{"start":{"line":278,"column":8},"end":{"line":280,"column":9}},{"start":{"line":278,"column":8},"end":{"line":280,"column":9}}],"line":278},"28":{"loc":{"start":{"line":278,"column":12},"end":{"line":278,"column":68}},"type":"binary-expr","locations":[{"start":{"line":278,"column":12},"end":{"line":278,"column":28}},{"start":{"line":278,"column":32},"end":{"line":278,"column":68}}],"line":278},"29":{"loc":{"start":{"line":282,"column":8},"end":{"line":284,"column":9}},"type":"if","locations":[{"start":{"line":282,"column":8},"end":{"line":284,"column":9}},{"start":{"line":282,"column":8},"end":{"line":284,"column":9}}],"line":282},"30":{"loc":{"start":{"line":282,"column":12},"end":{"line":282,"column":64}},"type":"binary-expr","locations":[{"start":{"line":282,"column":12},"end":{"line":282,"column":21}},{"start":{"line":282,"column":25},"end":{"line":282,"column":64}}],"line":282},"31":{"loc":{"start":{"line":286,"column":8},"end":{"line":288,"column":9}},"type":"if","locations":[{"start":{"line":286,"column":8},"end":{"line":288,"column":9}},{"start":{"line":286,"column":8},"end":{"line":288,"column":9}}],"line":286},"32":{"loc":{"start":{"line":286,"column":12},"end":{"line":286,"column":66}},"type":"binary-expr","locations":[{"start":{"line":286,"column":12},"end":{"line":286,"column":27}},{"start":{"line":286,"column":31},"end":{"line":286,"column":66}}],"line":286},"33":{"loc":{"start":{"line":290,"column":8},"end":{"line":292,"column":9}},"type":"if","locations":[{"start":{"line":290,"column":8},"end":{"line":292,"column":9}},{"start":{"line":290,"column":8},"end":{"line":292,"column":9}}],"line":290},"34":{"loc":{"start":{"line":290,"column":12},"end":{"line":290,"column":54}},"type":"binary-expr","locations":[{"start":{"line":290,"column":12},"end":{"line":290,"column":21}},{"start":{"line":290,"column":25},"end":{"line":290,"column":54}}],"line":290},"35":{"loc":{"start":{"line":294,"column":8},"end":{"line":296,"column":9}},"type":"if","locations":[{"start":{"line":294,"column":8},"end":{"line":296,"column":9}},{"start":{"line":294,"column":8},"end":{"line":296,"column":9}}],"line":294},"36":{"loc":{"start":{"line":294,"column":12},"end":{"line":294,"column":58}},"type":"binary-expr","locations":[{"start":{"line":294,"column":12},"end":{"line":294,"column":23}},{"start":{"line":294,"column":27},"end":{"line":294,"column":58}}],"line":294}},"s":{"0":2,"1":2,"2":15,"3":15,"4":15,"5":15,"6":15,"7":15,"8":15,"9":15,"10":15,"11":15,"12":15,"13":15,"14":15,"15":5,"16":5,"17":10,"18":15,"19":13,"20":13,"21":15,"22":15,"23":2,"24":2,"25":2,"26":2,"27":2,"28":2,"29":2,"30":2,"31":0,"32":0,"33":0,"34":0,"35":0,"36":0,"37":0,"38":0,"39":1,"40":1,"41":2,"42":2,"43":2,"44":2,"45":0,"46":0,"47":2,"48":2,"49":0,"50":0,"51":0,"52":0,"53":0,"54":0,"55":0,"56":0,"57":0,"58":0,"59":0,"60":0,"61":0,"62":0,"63":0,"64":0,"65":0,"66":0,"67":0,"68":0,"69":0,"70":0,"71":0,"72":0,"73":0,"74":0,"75":15,"76":0,"77":15,"78":3,"79":12,"80":1,"81":11,"82":2,"83":9,"84":0,"85":9,"86":0,"87":9,"88":0,"89":9,"90":0,"91":9,"92":1,"93":8,"94":0,"95":8,"96":0,"97":8,"98":0,"99":2},"f":{"0":15,"1":15,"2":13,"3":15,"4":2,"5":2,"6":2,"7":2,"8":0,"9":0,"10":0,"11":1,"12":2,"13":2,"14":0,"15":2,"16":0,"17":15},"b":{"0":[5,10],"1":[3,2],"2":[0,0],"3":[0,0],"4":[0,0],"5":[0,0],"6":[0,0],"7":[0,0],"8":[0,0],"9":[0,0],"10":[0,0],"11":[0,0],"12":[0,0],"13":[0,0],"14":[0,0],"15":[0,15],"16":[15,8],"17":[3,12],"18":[15,3],"19":[1,11],"20":[2,9],"21":[0,9],"22":[9,2],"23":[0,9],"24":[9,9],"25":[0,9],"26":[9,2],"27":[0,9],"28":[9,2],"29":[1,8],"30":[9,3],"31":[0,8],"32":[8,2],"33":[0,8],"34":[8,2],"35":[0,8],"36":[8,2]},"_coverageSchema":"1a1c01bbd47fc00a2c39e90264f33305004495a9","hash":"5d89293d6b1df994ed90af5179728aa0f17763f9"}
,"/Users/andrew/export/mars-sdk/Reason.js": {"path":"/Users/andrew/export/mars-sdk/Reason.js","statementMap":{"0":{"start":{"line":20,"column":8},"end":{"line":20,"column":37}},"1":{"start":{"line":21,"column":8},"end":{"line":21,"column":29}},"2":{"start":{"line":22,"column":8},"end":{"line":22,"column":30}},"3":{"start":{"line":30,"column":8},"end":{"line":30,"column":39}},"4":{"start":{"line":31,"column":8},"end":{"line":31,"column":20}},"5":{"start":{"line":39,"column":8},"end":{"line":39,"column":23}},"6":{"start":{"line":40,"column":8},"end":{"line":40,"column":20}},"7":{"start":{"line":50,"column":8},"end":{"line":50,"column":25}},"8":{"start":{"line":51,"column":8},"end":{"line":51,"column":20}},"9":{"start":{"line":58,"column":8},"end":{"line":60,"column":9}},"10":{"start":{"line":59,"column":12},"end":{"line":59,"column":63}},"11":{"start":{"line":62,"column":8},"end":{"line":64,"column":9}},"12":{"start":{"line":63,"column":12},"end":{"line":63,"column":69}},"13":{"start":{"line":66,"column":8},"end":{"line":68,"column":9}},"14":{"start":{"line":67,"column":12},"end":{"line":67,"column":67}},"15":{"start":{"line":70,"column":8},"end":{"line":72,"column":9}},"16":{"start":{"line":71,"column":12},"end":{"line":71,"column":60}},"17":{"start":{"line":74,"column":8},"end":{"line":76,"column":9}},"18":{"start":{"line":75,"column":12},"end":{"line":75,"column":68}},"19":{"start":{"line":78,"column":8},"end":{"line":80,"column":9}},"20":{"start":{"line":79,"column":12},"end":{"line":79,"column":61}},"21":{"start":{"line":84,"column":0},"end":{"line":86,"column":2}}},"fnMap":{"0":{"name":"(anonymous_0)","decl":{"start":{"line":19,"column":4},"end":{"line":19,"column":5}},"loc":{"start":{"line":19,"column":18},"end":{"line":23,"column":5}},"line":19},"1":{"name":"(anonymous_1)","decl":{"start":{"line":29,"column":4},"end":{"line":29,"column":5}},"loc":{"start":{"line":29,"column":32},"end":{"line":32,"column":5}},"line":29},"2":{"name":"(anonymous_2)","decl":{"start":{"line":38,"column":4},"end":{"line":38,"column":5}},"loc":{"start":{"line":38,"column":16},"end":{"line":41,"column":5}},"line":38},"3":{"name":"(anonymous_3)","decl":{"start":{"line":49,"column":4},"end":{"line":49,"column":5}},"loc":{"start":{"line":49,"column":18},"end":{"line":52,"column":5}},"line":49},"4":{"name":"(anonymous_4)","decl":{"start":{"line":57,"column":4},"end":{"line":57,"column":5}},"loc":{"start":{"line":57,"column":15},"end":{"line":81,"column":5}},"line":57}},"branchMap":{"0":{"loc":{"start":{"line":58,"column":8},"end":{"line":60,"column":9}},"type":"if","locations":[{"start":{"line":58,"column":8},"end":{"line":60,"column":9}},{"start":{"line":58,"column":8},"end":{"line":60,"column":9}}],"line":58},"1":{"loc":{"start":{"line":62,"column":8},"end":{"line":64,"column":9}},"type":"if","locations":[{"start":{"line":62,"column":8},"end":{"line":64,"column":9}},{"start":{"line":62,"column":8},"end":{"line":64,"column":9}}],"line":62},"2":{"loc":{"start":{"line":66,"column":8},"end":{"line":68,"column":9}},"type":"if","locations":[{"start":{"line":66,"column":8},"end":{"line":68,"column":9}},{"start":{"line":66,"column":8},"end":{"line":68,"column":9}}],"line":66},"3":{"loc":{"start":{"line":70,"column":8},"end":{"line":72,"column":9}},"type":"if","locations":[{"start":{"line":70,"column":8},"end":{"line":72,"column":9}},{"start":{"line":70,"column":8},"end":{"line":72,"column":9}}],"line":70},"4":{"loc":{"start":{"line":74,"column":8},"end":{"line":76,"column":9}},"type":"if","locations":[{"start":{"line":74,"column":8},"end":{"line":76,"column":9}},{"start":{"line":74,"column":8},"end":{"line":76,"column":9}}],"line":74},"5":{"loc":{"start":{"line":78,"column":8},"end":{"line":80,"column":9}},"type":"if","locations":[{"start":{"line":78,"column":8},"end":{"line":80,"column":9}},{"start":{"line":78,"column":8},"end":{"line":80,"column":9}}],"line":78}},"s":{"0":1,"1":1,"2":1,"3":1,"4":1,"5":1,"6":1,"7":1,"8":1,"9":1,"10":0,"11":1,"12":0,"13":1,"14":0,"15":1,"16":0,"17":1,"18":0,"19":1,"20":0,"21":1},"f":{"0":1,"1":1,"2":1,"3":1,"4":1},"b":{"0":[0,1],"1":[0,1],"2":[0,1],"3":[0,1],"4":[0,1],"5":[0,1]},"_coverageSchema":"1a1c01bbd47fc00a2c39e90264f33305004495a9","hash":"1611808f53f2801ee8acbc0729853bd0d4098972"}
,"/Users/andrew/export/mars-sdk/index.js": {"path":"/Users/andrew/export/mars-sdk/index.js","statementMap":{"0":{"start":{"line":7,"column":32},"end":{"line":7,"column":56}},"1":{"start":{"line":8,"column":11},"end":{"line":8,"column":24}},"2":{"start":{"line":9,"column":13},"end":{"line":9,"column":28}},"3":{"start":{"line":11,"column":18},"end":{"line":11,"column":36}},"4":{"start":{"line":13,"column":18},"end":{"line":13,"column":60}},"5":{"start":{"line":14,"column":16},"end":{"line":14,"column":58}},"6":{"start":{"line":15,"column":16},"end":{"line":15,"column":59}},"7":{"start":{"line":18,"column":28},"end":{"line":18,"column":32}},"8":{"start":{"line":32,"column":18},"end":{"line":32,"column":21}},"9":{"start":{"line":33,"column":4},"end":{"line":35,"column":5}},"10":{"start":{"line":34,"column":8},"end":{"line":34,"column":38}},"11":{"start":{"line":36,"column":4},"end":{"line":36,"column":86}},"12":{"start":{"line":43,"column":4},"end":{"line":43,"column":21}},"13":{"start":{"line":50,"column":4},"end":{"line":50,"column":22}},"14":{"start":{"line":57,"column":4},"end":{"line":57,"column":21}},"15":{"start":{"line":64,"column":4},"end":{"line":64,"column":22}},"16":{"start":{"line":70,"column":4},"end":{"line":74,"column":5}},"17":{"start":{"line":71,"column":8},"end":{"line":71,"column":33}},"18":{"start":{"line":73,"column":8},"end":{"line":73,"column":21}},"19":{"start":{"line":81,"column":4},"end":{"line":86,"column":5}},"20":{"start":{"line":82,"column":8},"end":{"line":82,"column":51}},"21":{"start":{"line":83,"column":8},"end":{"line":83,"column":20}},"22":{"start":{"line":85,"column":8},"end":{"line":85,"column":21}},"23":{"start":{"line":93,"column":4},"end":{"line":98,"column":5}},"24":{"start":{"line":94,"column":8},"end":{"line":94,"column":61}},"25":{"start":{"line":95,"column":8},"end":{"line":95,"column":20}},"26":{"start":{"line":97,"column":8},"end":{"line":97,"column":21}},"27":{"start":{"line":105,"column":4},"end":{"line":117,"column":5}},"28":{"start":{"line":106,"column":24},"end":{"line":106,"column":26}},"29":{"start":{"line":107,"column":8},"end":{"line":111,"column":9}},"30":{"start":{"line":108,"column":12},"end":{"line":108,"column":49}},"31":{"start":{"line":110,"column":12},"end":{"line":110,"column":88}},"32":{"start":{"line":112,"column":8},"end":{"line":116,"column":9}},"33":{"start":{"line":113,"column":12},"end":{"line":113,"column":41}},"34":{"start":{"line":115,"column":12},"end":{"line":115,"column":25}},"35":{"start":{"line":118,"column":4},"end":{"line":118,"column":23}},"36":{"start":{"line":125,"column":21},"end":{"line":125,"column":23}},"37":{"start":{"line":126,"column":4},"end":{"line":131,"column":5}},"38":{"start":{"line":127,"column":18},"end":{"line":127,"column":52}},"39":{"start":{"line":128,"column":8},"end":{"line":128,"column":79}},"40":{"start":{"line":130,"column":8},"end":{"line":130,"column":37}},"41":{"start":{"line":132,"column":4},"end":{"line":136,"column":5}},"42":{"start":{"line":133,"column":8},"end":{"line":133,"column":38}},"43":{"start":{"line":135,"column":8},"end":{"line":135,"column":21}},"44":{"start":{"line":143,"column":39},"end":{"line":143,"column":76}},"45":{"start":{"line":145,"column":4},"end":{"line":149,"column":6}},"46":{"start":{"line":158,"column":4},"end":{"line":162,"column":5}},"47":{"start":{"line":159,"column":8},"end":{"line":159,"column":109}},"48":{"start":{"line":161,"column":8},"end":{"line":161,"column":39}},"49":{"start":{"line":171,"column":4},"end":{"line":173,"column":5}},"50":{"start":{"line":172,"column":8},"end":{"line":172,"column":21}},"51":{"start":{"line":176,"column":4},"end":{"line":178,"column":5}},"52":{"start":{"line":177,"column":8},"end":{"line":177,"column":21}},"53":{"start":{"line":180,"column":21},"end":{"line":180,"column":39}},"54":{"start":{"line":181,"column":19},"end":{"line":181,"column":41}},"55":{"start":{"line":183,"column":4},"end":{"line":183,"column":44}},"56":{"start":{"line":190,"column":4},"end":{"line":200,"column":5}},"57":{"start":{"line":192,"column":8},"end":{"line":199,"column":9}},"58":{"start":{"line":193,"column":24},"end":{"line":193,"column":65}},"59":{"start":{"line":194,"column":12},"end":{"line":198,"column":13}},"60":{"start":{"line":195,"column":16},"end":{"line":195,"column":67}},"61":{"start":{"line":197,"column":16},"end":{"line":197,"column":67}},"62":{"start":{"line":201,"column":4},"end":{"line":207,"column":5}},"63":{"start":{"line":206,"column":8},"end":{"line":206,"column":18}},"64":{"start":{"line":208,"column":4},"end":{"line":208,"column":40}},"65":{"start":{"line":215,"column":4},"end":{"line":225,"column":5}},"66":{"start":{"line":217,"column":8},"end":{"line":224,"column":9}},"67":{"start":{"line":218,"column":24},"end":{"line":218,"column":65}},"68":{"start":{"line":219,"column":12},"end":{"line":223,"column":13}},"69":{"start":{"line":220,"column":16},"end":{"line":220,"column":67}},"70":{"start":{"line":222,"column":16},"end":{"line":222,"column":67}},"71":{"start":{"line":226,"column":4},"end":{"line":232,"column":5}},"72":{"start":{"line":231,"column":8},"end":{"line":231,"column":18}},"73":{"start":{"line":233,"column":4},"end":{"line":233,"column":45}},"74":{"start":{"line":241,"column":4},"end":{"line":249,"column":5}},"75":{"start":{"line":242,"column":8},"end":{"line":242,"column":46}},"76":{"start":{"line":244,"column":24},"end":{"line":247,"column":9}},"77":{"start":{"line":248,"column":8},"end":{"line":248,"column":61}},"78":{"start":{"line":257,"column":4},"end":{"line":265,"column":5}},"79":{"start":{"line":260,"column":8},"end":{"line":260,"column":34}},"80":{"start":{"line":263,"column":8},"end":{"line":263,"column":15}},"81":{"start":{"line":264,"column":8},"end":{"line":264,"column":23}},"82":{"start":{"line":273,"column":4},"end":{"line":281,"column":5}},"83":{"start":{"line":274,"column":8},"end":{"line":274,"column":47}},"84":{"start":{"line":276,"column":24},"end":{"line":279,"column":9}},"85":{"start":{"line":280,"column":8},"end":{"line":280,"column":61}},"86":{"start":{"line":289,"column":4},"end":{"line":306,"column":5}},"87":{"start":{"line":290,"column":8},"end":{"line":290,"column":48}},"88":{"start":{"line":291,"column":11},"end":{"line":306,"column":5}},"89":{"start":{"line":292,"column":8},"end":{"line":292,"column":131}},"90":{"start":{"line":295,"column":8},"end":{"line":305,"column":9}},"91":{"start":{"line":296,"column":12},"end":{"line":296,"column":33}},"92":{"start":{"line":298,"column":28},"end":{"line":301,"column":13}},"93":{"start":{"line":302,"column":12},"end":{"line":302,"column":65}},"94":{"start":{"line":304,"column":12},"end":{"line":304,"column":85}},"95":{"start":{"line":314,"column":4},"end":{"line":342,"column":5}},"96":{"start":{"line":315,"column":8},"end":{"line":315,"column":49}},"97":{"start":{"line":317,"column":20},"end":{"line":317,"column":38}},"98":{"start":{"line":318,"column":8},"end":{"line":318,"column":51}},"99":{"start":{"line":318,"column":35},"end":{"line":318,"column":51}},"100":{"start":{"line":320,"column":8},"end":{"line":332,"column":11}},"101":{"start":{"line":321,"column":12},"end":{"line":331,"column":13}},"102":{"start":{"line":322,"column":16},"end":{"line":325,"column":17}},"103":{"start":{"line":323,"column":20},"end":{"line":323,"column":83}},"104":{"start":{"line":324,"column":20},"end":{"line":324,"column":33}},"105":{"start":{"line":326,"column":16},"end":{"line":326,"column":29}},"106":{"start":{"line":327,"column":16},"end":{"line":327,"column":28}},"107":{"start":{"line":329,"column":16},"end":{"line":329,"column":76}},"108":{"start":{"line":330,"column":16},"end":{"line":330,"column":29}},"109":{"start":{"line":334,"column":24},"end":{"line":337,"column":9}},"110":{"start":{"line":339,"column":8},"end":{"line":341,"column":9}},"111":{"start":{"line":340,"column":12},"end":{"line":340,"column":65}},"112":{"start":{"line":347,"column":4},"end":{"line":374,"column":5}},"113":{"start":{"line":348,"column":8},"end":{"line":348,"column":48}},"114":{"start":{"line":350,"column":20},"end":{"line":350,"column":37}},"115":{"start":{"line":351,"column":8},"end":{"line":351,"column":51}},"116":{"start":{"line":351,"column":35},"end":{"line":351,"column":51}},"117":{"start":{"line":353,"column":8},"end":{"line":366,"column":11}},"118":{"start":{"line":354,"column":12},"end":{"line":365,"column":13}},"119":{"start":{"line":355,"column":16},"end":{"line":358,"column":17}},"120":{"start":{"line":356,"column":20},"end":{"line":356,"column":83}},"121":{"start":{"line":357,"column":20},"end":{"line":357,"column":33}},"122":{"start":{"line":360,"column":16},"end":{"line":360,"column":29}},"123":{"start":{"line":361,"column":16},"end":{"line":361,"column":28}},"124":{"start":{"line":363,"column":16},"end":{"line":363,"column":77}},"125":{"start":{"line":364,"column":16},"end":{"line":364,"column":29}},"126":{"start":{"line":368,"column":24},"end":{"line":371,"column":9}},"127":{"start":{"line":373,"column":8},"end":{"line":373,"column":61}},"128":{"start":{"line":387,"column":17},"end":{"line":387,"column":36}},"129":{"start":{"line":388,"column":20},"end":{"line":388,"column":59}},"130":{"start":{"line":390,"column":4},"end":{"line":404,"column":7}},"131":{"start":{"line":391,"column":8},"end":{"line":403,"column":9}},"132":{"start":{"line":392,"column":12},"end":{"line":392,"column":55}},"133":{"start":{"line":394,"column":27},"end":{"line":394,"column":77}},"134":{"start":{"line":396,"column":12},"end":{"line":398,"column":13}},"135":{"start":{"line":397,"column":16},"end":{"line":397,"column":58}},"136":{"start":{"line":400,"column":12},"end":{"line":402,"column":13}},"137":{"start":{"line":401,"column":16},"end":{"line":401,"column":63}},"138":{"start":{"line":416,"column":16},"end":{"line":416,"column":42}},"139":{"start":{"line":417,"column":16},"end":{"line":417,"column":43}},"140":{"start":{"line":418,"column":14},"end":{"line":418,"column":53}},"141":{"start":{"line":420,"column":4},"end":{"line":444,"column":5}},"142":{"start":{"line":425,"column":12},"end":{"line":425,"column":18}},"143":{"start":{"line":430,"column":12},"end":{"line":430,"column":24}},"144":{"start":{"line":431,"column":12},"end":{"line":431,"column":18}},"145":{"start":{"line":436,"column":12},"end":{"line":436,"column":36}},"146":{"start":{"line":437,"column":12},"end":{"line":437,"column":18}},"147":{"start":{"line":442,"column":12},"end":{"line":442,"column":43}},"148":{"start":{"line":443,"column":12},"end":{"line":443,"column":18}},"149":{"start":{"line":445,"column":4},"end":{"line":445,"column":25}},"150":{"start":{"line":454,"column":4},"end":{"line":471,"column":5}},"151":{"start":{"line":455,"column":8},"end":{"line":455,"column":64}},"152":{"start":{"line":456,"column":11},"end":{"line":471,"column":5}},"153":{"start":{"line":457,"column":8},"end":{"line":457,"column":73}},"154":{"start":{"line":458,"column":11},"end":{"line":471,"column":5}},"155":{"start":{"line":459,"column":8},"end":{"line":459,"column":59}},"156":{"start":{"line":462,"column":22},"end":{"line":462,"column":44}},"157":{"start":{"line":463,"column":18},"end":{"line":463,"column":19}},"158":{"start":{"line":465,"column":25},"end":{"line":468,"column":9}},"159":{"start":{"line":466,"column":12},"end":{"line":466,"column":28}},"160":{"start":{"line":467,"column":12},"end":{"line":467,"column":42}},"161":{"start":{"line":470,"column":8},"end":{"line":470,"column":37}},"162":{"start":{"line":481,"column":14},"end":{"line":481,"column":18}},"163":{"start":{"line":482,"column":4},"end":{"line":484,"column":5}},"164":{"start":{"line":483,"column":8},"end":{"line":483,"column":59}},"165":{"start":{"line":483,"column":47},"end":{"line":483,"column":59}},"166":{"start":{"line":485,"column":4},"end":{"line":485,"column":15}},"167":{"start":{"line":500,"column":4},"end":{"line":502,"column":5}},"168":{"start":{"line":501,"column":8},"end":{"line":501,"column":21}},"169":{"start":{"line":504,"column":22},"end":{"line":504,"column":27}},"170":{"start":{"line":506,"column":4},"end":{"line":532,"column":5}},"171":{"start":{"line":506,"column":20},"end":{"line":506,"column":21}},"172":{"start":{"line":507,"column":23},"end":{"line":507,"column":36}},"173":{"start":{"line":508,"column":8},"end":{"line":531,"column":9}},"174":{"start":{"line":509,"column":34},"end":{"line":509,"column":65}},"175":{"start":{"line":510,"column":12},"end":{"line":527,"column":13}},"176":{"start":{"line":511,"column":33},"end":{"line":511,"column":61}},"177":{"start":{"line":512,"column":16},"end":{"line":524,"column":17}},"178":{"start":{"line":514,"column":20},"end":{"line":517,"column":21}},"179":{"start":{"line":515,"column":24},"end":{"line":515,"column":68}},"180":{"start":{"line":516,"column":24},"end":{"line":516,"column":36}},"181":{"start":{"line":518,"column":20},"end":{"line":518,"column":72}},"182":{"start":{"line":519,"column":23},"end":{"line":524,"column":17}},"183":{"start":{"line":520,"column":20},"end":{"line":520,"column":63}},"184":{"start":{"line":521,"column":20},"end":{"line":521,"column":32}},"185":{"start":{"line":523,"column":20},"end":{"line":523,"column":70}},"186":{"start":{"line":526,"column":16},"end":{"line":526,"column":95}},"187":{"start":{"line":528,"column":15},"end":{"line":531,"column":9}},"188":{"start":{"line":529,"column":12},"end":{"line":529,"column":57}},"189":{"start":{"line":530,"column":12},"end":{"line":530,"column":24}},"190":{"start":{"line":533,"column":4},"end":{"line":533,"column":21}},"191":{"start":{"line":540,"column":4},"end":{"line":540,"column":41}},"192":{"start":{"line":546,"column":0},"end":{"line":573,"column":2}}},"fnMap":{"0":{"name":"log","decl":{"start":{"line":31,"column":9},"end":{"line":31,"column":12}},"loc":{"start":{"line":31,"column":25},"end":{"line":37,"column":1}},"line":31},"1":{"name":"info","decl":{"start":{"line":42,"column":9},"end":{"line":42,"column":13}},"loc":{"start":{"line":42,"column":19},"end":{"line":44,"column":1}},"line":42},"2":{"name":"debug","decl":{"start":{"line":49,"column":9},"end":{"line":49,"column":14}},"loc":{"start":{"line":49,"column":20},"end":{"line":51,"column":1}},"line":49},"3":{"name":"warn","decl":{"start":{"line":56,"column":9},"end":{"line":56,"column":13}},"loc":{"start":{"line":56,"column":19},"end":{"line":58,"column":1}},"line":56},"4":{"name":"error","decl":{"start":{"line":63,"column":9},"end":{"line":63,"column":14}},"loc":{"start":{"line":63,"column":20},"end":{"line":65,"column":1}},"line":63},"5":{"name":"jsonParse","decl":{"start":{"line":69,"column":9},"end":{"line":69,"column":18}},"loc":{"start":{"line":69,"column":26},"end":{"line":75,"column":1}},"line":69},"6":{"name":"fileExists","decl":{"start":{"line":80,"column":9},"end":{"line":80,"column":19}},"loc":{"start":{"line":80,"column":33},"end":{"line":87,"column":1}},"line":80},"7":{"name":"canRun","decl":{"start":{"line":92,"column":9},"end":{"line":92,"column":15}},"loc":{"start":{"line":92,"column":21},"end":{"line":99,"column":1}},"line":92},"8":{"name":"hasCmd","decl":{"start":{"line":104,"column":9},"end":{"line":104,"column":15}},"loc":{"start":{"line":104,"column":21},"end":{"line":119,"column":1}},"line":104},"9":{"name":"procRunning","decl":{"start":{"line":124,"column":9},"end":{"line":124,"column":20}},"loc":{"start":{"line":124,"column":27},"end":{"line":137,"column":1}},"line":124},"10":{"name":"exec","decl":{"start":{"line":142,"column":9},"end":{"line":142,"column":13}},"loc":{"start":{"line":142,"column":25},"end":{"line":150,"column":1}},"line":142},"11":{"name":"toHex","decl":{"start":{"line":157,"column":9},"end":{"line":157,"column":14}},"loc":{"start":{"line":157,"column":20},"end":{"line":163,"column":1}},"line":157},"12":{"name":"isHex","decl":{"start":{"line":170,"column":9},"end":{"line":170,"column":14}},"loc":{"start":{"line":170,"column":22},"end":{"line":184,"column":1}},"line":170},"13":{"name":"getConfig","decl":{"start":{"line":189,"column":9},"end":{"line":189,"column":18}},"loc":{"start":{"line":189,"column":21},"end":{"line":209,"column":1}},"line":189},"14":{"name":"getCredentials","decl":{"start":{"line":214,"column":9},"end":{"line":214,"column":23}},"loc":{"start":{"line":214,"column":26},"end":{"line":234,"column":1}},"line":214},"15":{"name":"exportConfig","decl":{"start":{"line":240,"column":9},"end":{"line":240,"column":21}},"loc":{"start":{"line":240,"column":28},"end":{"line":250,"column":1}},"line":240},"16":{"name":"registerScheduled","decl":{"start":{"line":256,"column":9},"end":{"line":256,"column":26}},"loc":{"start":{"line":256,"column":33},"end":{"line":266,"column":1}},"line":256},"17":{"name":"sendResult","decl":{"start":{"line":272,"column":9},"end":{"line":272,"column":19}},"loc":{"start":{"line":272,"column":27},"end":{"line":282,"column":1}},"line":272},"18":{"name":"sendDiscovery","decl":{"start":{"line":287,"column":9},"end":{"line":287,"column":22}},"loc":{"start":{"line":287,"column":34},"end":{"line":307,"column":1}},"line":287},"19":{"name":"sendMetrics","decl":{"start":{"line":312,"column":9},"end":{"line":312,"column":20}},"loc":{"start":{"line":312,"column":30},"end":{"line":343,"column":1}},"line":312},"20":{"name":"(anonymous_20)","decl":{"start":{"line":320,"column":29},"end":{"line":320,"column":30}},"loc":{"start":{"line":320,"column":36},"end":{"line":332,"column":9}},"line":320},"21":{"name":"sendEvents","decl":{"start":{"line":345,"column":9},"end":{"line":345,"column":19}},"loc":{"start":{"line":345,"column":28},"end":{"line":375,"column":1}},"line":345},"22":{"name":"(anonymous_22)","decl":{"start":{"line":353,"column":29},"end":{"line":353,"column":30}},"loc":{"start":{"line":353,"column":36},"end":{"line":366,"column":9}},"line":353},"23":{"name":"JSONToKv","decl":{"start":{"line":386,"column":9},"end":{"line":386,"column":17}},"loc":{"start":{"line":386,"column":45},"end":{"line":405,"column":1}},"line":386},"24":{"name":"(anonymous_24)","decl":{"start":{"line":390,"column":17},"end":{"line":390,"column":18}},"loc":{"start":{"line":390,"column":30},"end":{"line":404,"column":5}},"line":390},"25":{"name":"dehumanize","decl":{"start":{"line":415,"column":9},"end":{"line":415,"column":19}},"loc":{"start":{"line":415,"column":30},"end":{"line":446,"column":1}},"line":415},"26":{"name":"carousel","decl":{"start":{"line":452,"column":9},"end":{"line":452,"column":17}},"loc":{"start":{"line":452,"column":40},"end":{"line":472,"column":1}},"line":452},"27":{"name":"(anonymous_27)","decl":{"start":{"line":465,"column":25},"end":{"line":465,"column":26}},"loc":{"start":{"line":465,"column":31},"end":{"line":468,"column":9}},"line":465},"28":{"name":"passFilter","decl":{"start":{"line":480,"column":9},"end":{"line":480,"column":19}},"loc":{"start":{"line":480,"column":33},"end":{"line":486,"column":1}},"line":480},"29":{"name":"isInFilters","decl":{"start":{"line":495,"column":9},"end":{"line":495,"column":20}},"loc":{"start":{"line":495,"column":36},"end":{"line":534,"column":1}},"line":495},"30":{"name":"getMarDir","decl":{"start":{"line":539,"column":9},"end":{"line":539,"column":18}},"loc":{"start":{"line":539,"column":21},"end":{"line":541,"column":1}},"line":539}},"branchMap":{"0":{"loc":{"start":{"line":11,"column":18},"end":{"line":11,"column":36}},"type":"binary-expr","locations":[{"start":{"line":11,"column":18},"end":{"line":11,"column":30}},{"start":{"line":11,"column":34},"end":{"line":11,"column":36}}],"line":11},"1":{"loc":{"start":{"line":33,"column":4},"end":{"line":35,"column":5}},"type":"if","locations":[{"start":{"line":33,"column":4},"end":{"line":35,"column":5}},{"start":{"line":33,"column":4},"end":{"line":35,"column":5}}],"line":33},"2":{"loc":{"start":{"line":94,"column":27},"end":{"line":94,"column":59}},"type":"binary-expr","locations":[{"start":{"line":94,"column":27},"end":{"line":94,"column":41}},{"start":{"line":94,"column":45},"end":{"line":94,"column":59}}],"line":94},"3":{"loc":{"start":{"line":105,"column":4},"end":{"line":117,"column":5}},"type":"if","locations":[{"start":{"line":105,"column":4},"end":{"line":117,"column":5}},{"start":{"line":105,"column":4},"end":{"line":117,"column":5}}],"line":105},"4":{"loc":{"start":{"line":107,"column":8},"end":{"line":111,"column":9}},"type":"if","locations":[{"start":{"line":107,"column":8},"end":{"line":111,"column":9}},{"start":{"line":107,"column":8},"end":{"line":111,"column":9}}],"line":107},"5":{"loc":{"start":{"line":126,"column":4},"end":{"line":131,"column":5}},"type":"if","locations":[{"start":{"line":126,"column":4},"end":{"line":131,"column":5}},{"start":{"line":126,"column":4},"end":{"line":131,"column":5}}],"line":126},"6":{"loc":{"start":{"line":158,"column":4},"end":{"line":162,"column":5}},"type":"if","locations":[{"start":{"line":158,"column":4},"end":{"line":162,"column":5}},{"start":{"line":158,"column":4},"end":{"line":162,"column":5}}],"line":158},"7":{"loc":{"start":{"line":171,"column":4},"end":{"line":173,"column":5}},"type":"if","locations":[{"start":{"line":171,"column":4},"end":{"line":173,"column":5}},{"start":{"line":171,"column":4},"end":{"line":173,"column":5}}],"line":171},"8":{"loc":{"start":{"line":176,"column":4},"end":{"line":178,"column":5}},"type":"if","locations":[{"start":{"line":176,"column":4},"end":{"line":178,"column":5}},{"start":{"line":176,"column":4},"end":{"line":178,"column":5}}],"line":176},"9":{"loc":{"start":{"line":190,"column":4},"end":{"line":200,"column":5}},"type":"if","locations":[{"start":{"line":190,"column":4},"end":{"line":200,"column":5}},{"start":{"line":190,"column":4},"end":{"line":200,"column":5}}],"line":190},"10":{"loc":{"start":{"line":192,"column":8},"end":{"line":199,"column":9}},"type":"if","locations":[{"start":{"line":192,"column":8},"end":{"line":199,"column":9}},{"start":{"line":192,"column":8},"end":{"line":199,"column":9}}],"line":192},"11":{"loc":{"start":{"line":201,"column":4},"end":{"line":207,"column":5}},"type":"if","locations":[{"start":{"line":201,"column":4},"end":{"line":207,"column":5}},{"start":{"line":201,"column":4},"end":{"line":207,"column":5}}],"line":201},"12":{"loc":{"start":{"line":202,"column":8},"end":{"line":204,"column":62}},"type":"binary-expr","locations":[{"start":{"line":202,"column":8},"end":{"line":202,"column":38}},{"start":{"line":203,"column":11},"end":{"line":203,"column":40}},{"start":{"line":204,"column":11},"end":{"line":204,"column":62}}],"line":202},"13":{"loc":{"start":{"line":215,"column":4},"end":{"line":225,"column":5}},"type":"if","locations":[{"start":{"line":215,"column":4},"end":{"line":225,"column":5}},{"start":{"line":215,"column":4},"end":{"line":225,"column":5}}],"line":215},"14":{"loc":{"start":{"line":217,"column":8},"end":{"line":224,"column":9}},"type":"if","locations":[{"start":{"line":217,"column":8},"end":{"line":224,"column":9}},{"start":{"line":217,"column":8},"end":{"line":224,"column":9}}],"line":217},"15":{"loc":{"start":{"line":226,"column":4},"end":{"line":232,"column":5}},"type":"if","locations":[{"start":{"line":226,"column":4},"end":{"line":232,"column":5}},{"start":{"line":226,"column":4},"end":{"line":232,"column":5}}],"line":226},"16":{"loc":{"start":{"line":227,"column":8},"end":{"line":229,"column":67}},"type":"binary-expr","locations":[{"start":{"line":227,"column":8},"end":{"line":227,"column":38}},{"start":{"line":228,"column":11},"end":{"line":228,"column":45}},{"start":{"line":229,"column":11},"end":{"line":229,"column":67}}],"line":227},"17":{"loc":{"start":{"line":241,"column":4},"end":{"line":249,"column":5}},"type":"if","locations":[{"start":{"line":241,"column":4},"end":{"line":249,"column":5}},{"start":{"line":241,"column":4},"end":{"line":249,"column":5}}],"line":241},"18":{"loc":{"start":{"line":241,"column":8},"end":{"line":241,"column":52}},"type":"binary-expr","locations":[{"start":{"line":241,"column":8},"end":{"line":241,"column":35}},{"start":{"line":241,"column":39},"end":{"line":241,"column":52}}],"line":241},"19":{"loc":{"start":{"line":257,"column":4},"end":{"line":265,"column":5}},"type":"if","locations":[{"start":{"line":257,"column":4},"end":{"line":265,"column":5}},{"start":{"line":257,"column":4},"end":{"line":265,"column":5}}],"line":257},"20":{"loc":{"start":{"line":273,"column":4},"end":{"line":281,"column":5}},"type":"if","locations":[{"start":{"line":273,"column":4},"end":{"line":281,"column":5}},{"start":{"line":273,"column":4},"end":{"line":281,"column":5}}],"line":273},"21":{"loc":{"start":{"line":273,"column":8},"end":{"line":273,"column":54}},"type":"binary-expr","locations":[{"start":{"line":273,"column":8},"end":{"line":273,"column":36}},{"start":{"line":273,"column":40},"end":{"line":273,"column":54}}],"line":273},"22":{"loc":{"start":{"line":289,"column":4},"end":{"line":306,"column":5}},"type":"if","locations":[{"start":{"line":289,"column":4},"end":{"line":306,"column":5}},{"start":{"line":289,"column":4},"end":{"line":306,"column":5}}],"line":289},"23":{"loc":{"start":{"line":289,"column":8},"end":{"line":289,"column":62}},"type":"binary-expr","locations":[{"start":{"line":289,"column":8},"end":{"line":289,"column":40}},{"start":{"line":289,"column":44},"end":{"line":289,"column":62}}],"line":289},"24":{"loc":{"start":{"line":291,"column":11},"end":{"line":306,"column":5}},"type":"if","locations":[{"start":{"line":291,"column":11},"end":{"line":306,"column":5}},{"start":{"line":291,"column":11},"end":{"line":306,"column":5}}],"line":291},"25":{"loc":{"start":{"line":314,"column":4},"end":{"line":342,"column":5}},"type":"if","locations":[{"start":{"line":314,"column":4},"end":{"line":342,"column":5}},{"start":{"line":314,"column":4},"end":{"line":342,"column":5}}],"line":314},"26":{"loc":{"start":{"line":314,"column":8},"end":{"line":314,"column":58}},"type":"binary-expr","locations":[{"start":{"line":314,"column":8},"end":{"line":314,"column":38}},{"start":{"line":314,"column":42},"end":{"line":314,"column":58}}],"line":314},"27":{"loc":{"start":{"line":318,"column":8},"end":{"line":318,"column":51}},"type":"if","locations":[{"start":{"line":318,"column":8},"end":{"line":318,"column":51}},{"start":{"line":318,"column":8},"end":{"line":318,"column":51}}],"line":318},"28":{"loc":{"start":{"line":322,"column":16},"end":{"line":325,"column":17}},"type":"if","locations":[{"start":{"line":322,"column":16},"end":{"line":325,"column":17}},{"start":{"line":322,"column":16},"end":{"line":325,"column":17}}],"line":322},"29":{"loc":{"start":{"line":339,"column":8},"end":{"line":341,"column":9}},"type":"if","locations":[{"start":{"line":339,"column":8},"end":{"line":341,"column":9}},{"start":{"line":339,"column":8},"end":{"line":341,"column":9}}],"line":339},"30":{"loc":{"start":{"line":347,"column":4},"end":{"line":374,"column":5}},"type":"if","locations":[{"start":{"line":347,"column":4},"end":{"line":374,"column":5}},{"start":{"line":347,"column":4},"end":{"line":374,"column":5}}],"line":347},"31":{"loc":{"start":{"line":347,"column":8},"end":{"line":347,"column":56}},"type":"binary-expr","locations":[{"start":{"line":347,"column":8},"end":{"line":347,"column":37}},{"start":{"line":347,"column":41},"end":{"line":347,"column":56}}],"line":347},"32":{"loc":{"start":{"line":351,"column":8},"end":{"line":351,"column":51}},"type":"if","locations":[{"start":{"line":351,"column":8},"end":{"line":351,"column":51}},{"start":{"line":351,"column":8},"end":{"line":351,"column":51}}],"line":351},"33":{"loc":{"start":{"line":355,"column":16},"end":{"line":358,"column":17}},"type":"if","locations":[{"start":{"line":355,"column":16},"end":{"line":358,"column":17}},{"start":{"line":355,"column":16},"end":{"line":358,"column":17}}],"line":355},"34":{"loc":{"start":{"line":388,"column":20},"end":{"line":388,"column":59}},"type":"cond-expr","locations":[{"start":{"line":388,"column":50},"end":{"line":388,"column":54}},{"start":{"line":388,"column":57},"end":{"line":388,"column":59}}],"line":388},"35":{"loc":{"start":{"line":391,"column":8},"end":{"line":403,"column":9}},"type":"if","locations":[{"start":{"line":391,"column":8},"end":{"line":403,"column":9}},{"start":{"line":391,"column":8},"end":{"line":403,"column":9}}],"line":391},"36":{"loc":{"start":{"line":391,"column":12},"end":{"line":391,"column":84}},"type":"binary-expr","locations":[{"start":{"line":391,"column":12},"end":{"line":391,"column":47}},{"start":{"line":391,"column":51},"end":{"line":391,"column":84}}],"line":391},"37":{"loc":{"start":{"line":394,"column":27},"end":{"line":394,"column":77}},"type":"cond-expr","locations":[{"start":{"line":394,"column":44},"end":{"line":394,"column":67}},{"start":{"line":394,"column":70},"end":{"line":394,"column":77}}],"line":394},"38":{"loc":{"start":{"line":396,"column":12},"end":{"line":398,"column":13}},"type":"if","locations":[{"start":{"line":396,"column":12},"end":{"line":398,"column":13}},{"start":{"line":396,"column":12},"end":{"line":398,"column":13}}],"line":396},"39":{"loc":{"start":{"line":400,"column":12},"end":{"line":402,"column":13}},"type":"if","locations":[{"start":{"line":400,"column":12},"end":{"line":402,"column":13}},{"start":{"line":400,"column":12},"end":{"line":402,"column":13}}],"line":400},"40":{"loc":{"start":{"line":420,"column":4},"end":{"line":444,"column":5}},"type":"switch","locations":[{"start":{"line":421,"column":8},"end":{"line":421,"column":16}},{"start":{"line":422,"column":8},"end":{"line":422,"column":17}},{"start":{"line":423,"column":8},"end":{"line":423,"column":18}},{"start":{"line":424,"column":8},"end":{"line":425,"column":18}},{"start":{"line":426,"column":8},"end":{"line":426,"column":17}},{"start":{"line":427,"column":8},"end":{"line":427,"column":18}},{"start":{"line":428,"column":8},"end":{"line":428,"column":18}},{"start":{"line":429,"column":8},"end":{"line":431,"column":18}},{"start":{"line":432,"column":8},"end":{"line":432,"column":17}},{"start":{"line":433,"column":8},"end":{"line":433,"column":18}},{"start":{"line":434,"column":8},"end":{"line":434,"column":18}},{"start":{"line":435,"column":8},"end":{"line":437,"column":18}},{"start":{"line":438,"column":8},"end":{"line":438,"column":17}},{"start":{"line":439,"column":8},"end":{"line":439,"column":18}},{"start":{"line":440,"column":8},"end":{"line":440,"column":18}},{"start":{"line":441,"column":8},"end":{"line":443,"column":18}}],"line":420},"41":{"loc":{"start":{"line":454,"column":4},"end":{"line":471,"column":5}},"type":"if","locations":[{"start":{"line":454,"column":4},"end":{"line":471,"column":5}},{"start":{"line":454,"column":4},"end":{"line":471,"column":5}}],"line":454},"42":{"loc":{"start":{"line":454,"column":8},"end":{"line":454,"column":56}},"type":"binary-expr","locations":[{"start":{"line":454,"column":8},"end":{"line":454,"column":35}},{"start":{"line":454,"column":39},"end":{"line":454,"column":56}}],"line":454},"43":{"loc":{"start":{"line":456,"column":11},"end":{"line":471,"column":5}},"type":"if","locations":[{"start":{"line":456,"column":11},"end":{"line":471,"column":5}},{"start":{"line":456,"column":11},"end":{"line":471,"column":5}}],"line":456},"44":{"loc":{"start":{"line":456,"column":15},"end":{"line":456,"column":95}},"type":"binary-expr","locations":[{"start":{"line":456,"column":15},"end":{"line":456,"column":46}},{"start":{"line":456,"column":50},"end":{"line":456,"column":78}},{"start":{"line":456,"column":82},"end":{"line":456,"column":95}}],"line":456},"45":{"loc":{"start":{"line":458,"column":11},"end":{"line":471,"column":5}},"type":"if","locations":[{"start":{"line":458,"column":11},"end":{"line":471,"column":5}},{"start":{"line":458,"column":11},"end":{"line":471,"column":5}}],"line":458},"46":{"loc":{"start":{"line":482,"column":4},"end":{"line":484,"column":5}},"type":"if","locations":[{"start":{"line":482,"column":4},"end":{"line":484,"column":5}},{"start":{"line":482,"column":4},"end":{"line":484,"column":5}}],"line":482},"47":{"loc":{"start":{"line":483,"column":8},"end":{"line":483,"column":59}},"type":"if","locations":[{"start":{"line":483,"column":8},"end":{"line":483,"column":59}},{"start":{"line":483,"column":8},"end":{"line":483,"column":59}}],"line":483},"48":{"loc":{"start":{"line":500,"column":4},"end":{"line":502,"column":5}},"type":"if","locations":[{"start":{"line":500,"column":4},"end":{"line":502,"column":5}},{"start":{"line":500,"column":4},"end":{"line":502,"column":5}}],"line":500},"49":{"loc":{"start":{"line":508,"column":8},"end":{"line":531,"column":9}},"type":"if","locations":[{"start":{"line":508,"column":8},"end":{"line":531,"column":9}},{"start":{"line":508,"column":8},"end":{"line":531,"column":9}}],"line":508},"50":{"loc":{"start":{"line":512,"column":16},"end":{"line":524,"column":17}},"type":"if","locations":[{"start":{"line":512,"column":16},"end":{"line":524,"column":17}},{"start":{"line":512,"column":16},"end":{"line":524,"column":17}}],"line":512},"51":{"loc":{"start":{"line":514,"column":20},"end":{"line":517,"column":21}},"type":"if","locations":[{"start":{"line":514,"column":20},"end":{"line":517,"column":21}},{"start":{"line":514,"column":20},"end":{"line":517,"column":21}}],"line":514},"52":{"loc":{"start":{"line":519,"column":23},"end":{"line":524,"column":17}},"type":"if","locations":[{"start":{"line":519,"column":23},"end":{"line":524,"column":17}},{"start":{"line":519,"column":23},"end":{"line":524,"column":17}}],"line":519},"53":{"loc":{"start":{"line":528,"column":15},"end":{"line":531,"column":9}},"type":"if","locations":[{"start":{"line":528,"column":15},"end":{"line":531,"column":9}},{"start":{"line":528,"column":15},"end":{"line":531,"column":9}}],"line":528}},"s":{"0":2,"1":2,"2":2,"3":2,"4":2,"5":2,"6":2,"7":2,"8":12,"9":12,"10":2,"11":12,"12":2,"13":7,"14":1,"15":2,"16":10,"17":10,"18":10,"19":0,"20":0,"21":0,"22":0,"23":0,"24":0,"25":0,"26":0,"27":0,"28":0,"29":0,"30":0,"31":0,"32":0,"33":0,"34":0,"35":0,"36":0,"37":0,"38":0,"39":0,"40":0,"41":0,"42":0,"43":0,"44":0,"45":0,"46":4,"47":2,"48":2,"49":8,"50":4,"51":4,"52":2,"53":2,"54":2,"55":2,"56":0,"57":0,"58":0,"59":0,"60":0,"61":0,"62":0,"63":0,"64":0,"65":0,"66":0,"67":0,"68":0,"69":0,"70":0,"71":0,"72":0,"73":0,"74":1,"75":0,"76":1,"77":1,"78":0,"79":0,"80":0,"81":0,"82":0,"83":0,"84":0,"85":0,"86":3,"87":0,"88":3,"89":0,"90":3,"91":3,"92":2,"93":2,"94":1,"95":4,"96":0,"97":4,"98":4,"99":2,"100":4,"101":6,"102":6,"103":0,"104":0,"105":6,"106":4,"107":2,"108":2,"109":4,"110":4,"111":3,"112":3,"113":0,"114":3,"115":3,"116":1,"117":3,"118":6,"119":6,"120":0,"121":0,"122":6,"123":4,"124":2,"125":2,"126":3,"127":3,"128":2,"129":2,"130":2,"131":4,"132":0,"133":4,"134":4,"135":3,"136":4,"137":1,"138":4,"139":4,"140":4,"141":4,"142":1,"143":1,"144":1,"145":1,"146":1,"147":1,"148":1,"149":4,"150":0,"151":0,"152":0,"153":0,"154":0,"155":0,"156":0,"157":0,"158":0,"159":0,"160":0,"161":0,"162":1,"163":1,"164":1,"165":0,"166":1,"167":1,"168":0,"169":1,"170":1,"171":1,"172":1,"173":1,"174":1,"175":1,"176":1,"177":1,"178":0,"179":0,"180":0,"181":0,"182":1,"183":1,"184":1,"185":0,"186":0,"187":0,"188":0,"189":0,"190":0,"191":0,"192":2},"f":{"0":12,"1":2,"2":7,"3":1,"4":2,"5":10,"6":0,"7":0,"8":0,"9":0,"10":0,"11":4,"12":8,"13":0,"14":0,"15":1,"16":0,"17":0,"18":3,"19":4,"20":6,"21":3,"22":6,"23":2,"24":4,"25":4,"26":0,"27":0,"28":1,"29":1,"30":0},"b":{"0":[2,0],"1":[2,10],"2":[0,0],"3":[0,0],"4":[0,0],"5":[0,0],"6":[2,2],"7":[4,4],"8":[2,2],"9":[0,0],"10":[0,0],"11":[0,0],"12":[0,0,0],"13":[0,0],"14":[0,0],"15":[0,0],"16":[0,0,0],"17":[0,1],"18":[1,1],"19":[0,0],"20":[0,0],"21":[0,0],"22":[0,3],"23":[3,3],"24":[0,3],"25":[0,4],"26":[4,4],"27":[2,2],"28":[0,6],"29":[3,1],"30":[0,3],"31":[3,3],"32":[1,2],"33":[0,6],"34":[1,1],"35":[0,4],"36":[4,0],"37":[1,3],"38":[3,1],"39":[1,3],"40":[0,1,1,1,0,1,1,1,0,1,1,1,0,1,1,1],"41":[0,0],"42":[0,0],"43":[0,0],"44":[0,0,0],"45":[0,0],"46":[1,0],"47":[0,1],"48":[0,1],"49":[1,0],"50":[0,1],"51":[0,0],"52":[1,0],"53":[0,0]},"_coverageSchema":"1a1c01bbd47fc00a2c39e90264f33305004495a9","hash":"03a3f3e7b541aa4fa597c0c17e9091533fd96c7c"}
}
