TN:
SF:Bitmask.js
FN:12,(anonymous_0)
FN:22,(anonymous_1)
FN:31,(anonymous_2)
FN:42,(anonymous_3)
FN:57,(anonymous_4)
FN:60,(anonymous_5)
FN:63,(anonymous_6)
FNF:7
FNH:7
FNDA:3,(anonymous_0)
FNDA:1,(anonymous_1)
FNDA:2,(anonymous_2)
FNDA:2,(anonymous_3)
FNDA:3,(anonymous_4)
FNDA:4,(anonymous_5)
FNDA:4,(anonymous_6)
DA:13,3
DA:14,3
DA:23,1
DA:24,1
DA:32,2
DA:33,2
DA:43,2
DA:44,2
DA:46,2
DA:47,2
DA:48,2
DA:58,3
DA:60,4
DA:61,2
DA:63,4
DA:64,2
DA:66,1
DA:71,1
LF:18
LH:18
BRDA:43,0,0,1
BRDA:43,0,1,1
BRDA:43,1,0,2
BRDA:43,1,1,1
BRDA:44,2,0,1
BRDA:44,2,1,1
BRDA:44,3,0,2
BRDA:44,3,1,1
BRDA:58,4,0,2
BRDA:58,4,1,1
BRDA:58,5,0,3
BRDA:58,5,1,2
BRDA:58,5,2,2
BRDA:58,5,3,2
BRDA:61,6,0,0
BRDA:61,6,1,2
BRDA:64,7,0,1
BRDA:64,7,1,1
BRF:18
BRH:17
end_of_record
TN:
SF:DiscoveryResult.js
FN:18,(anonymous_0)
FN:28,(anonymous_1)
FN:43,(anonymous_2)
FN:52,(anonymous_3)
FN:60,(anonymous_4)
FN:74,(anonymous_5)
FNF:6
FNH:6
FNDA:3,(anonymous_0)
FNDA:1,(anonymous_1)
FNDA:1,(anonymous_2)
FNDA:2,(anonymous_3)
FNDA:3,(anonymous_4)
FNDA:1,(anonymous_5)
DA:19,3
DA:20,3
DA:21,3
DA:29,1
DA:30,1
DA:31,1
DA:33,0
DA:36,1
DA:44,1
DA:45,1
DA:53,2
DA:54,2
DA:61,3
DA:62,1
DA:65,2
DA:66,0
DA:69,2
DA:70,1
DA:71,0
DA:74,1
DA:75,1
DA:76,0
DA:78,1
DA:79,0
DA:82,1
DA:83,0
DA:88,2
DA:89,0
DA:90,2
DA:91,1
DA:96,1
LF:31
LH:24
BRDA:29,0,0,1
BRDA:29,0,1,0
BRDA:30,1,0,1
BRDA:30,1,1,0
BRDA:61,2,0,1
BRDA:61,2,1,2
BRDA:65,3,0,0
BRDA:65,3,1,2
BRDA:69,4,0,1
BRDA:69,4,1,1
BRDA:70,5,0,0
BRDA:70,5,1,1
BRDA:70,6,0,1
BRDA:70,6,1,1
BRDA:75,7,0,0
BRDA:75,7,1,1
BRDA:78,8,0,0
BRDA:78,8,1,1
BRDA:82,9,0,0
BRDA:82,9,1,1
BRDA:88,10,0,0
BRDA:88,10,1,2
BRDA:88,11,0,2
BRDA:88,11,1,1
BRDA:90,12,0,1
BRDA:90,12,1,1
BRF:26
BRH:18
end_of_record
TN:
SF:Event.js
FN:35,(anonymous_0)
FN:54,(anonymous_1)
FN:68,(anonymous_2)
FN:77,(anonymous_3)
FN:86,(anonymous_4)
FN:95,(anonymous_5)
FN:104,(anonymous_6)
FN:113,(anonymous_7)
FN:122,(anonymous_8)
FN:131,(anonymous_9)
FN:140,(anonymous_10)
FN:149,(anonymous_11)
FN:158,(anonymous_12)
FN:168,(anonymous_13)
FN:212,(anonymous_14)
FN:258,(anonymous_15)
FNF:16
FNH:7
FNDA:6,(anonymous_0)
FNDA:6,(anonymous_1)
FNDA:5,(anonymous_2)
FNDA:6,(anonymous_3)
FNDA:6,(anonymous_4)
FNDA:0,(anonymous_5)
FNDA:0,(anonymous_6)
FNDA:0,(anonymous_7)
FNDA:0,(anonymous_8)
FNDA:0,(anonymous_9)
FNDA:0,(anonymous_10)
FNDA:1,(anonymous_11)
FNDA:0,(anonymous_12)
FNDA:0,(anonymous_13)
FNDA:6,(anonymous_14)
FNDA:0,(anonymous_15)
DA:9,1
DA:36,6
DA:37,6
DA:38,6
DA:39,6
DA:40,6
DA:41,6
DA:42,6
DA:43,6
DA:44,6
DA:45,6
DA:46,6
DA:47,6
DA:55,6
DA:56,6
DA:58,0
DA:61,6
DA:69,5
DA:70,5
DA:78,6
DA:79,6
DA:87,6
DA:88,6
DA:96,0
DA:97,0
DA:105,0
DA:106,0
DA:114,0
DA:115,0
DA:123,0
DA:124,0
DA:132,0
DA:133,0
DA:141,0
DA:142,0
DA:150,1
DA:151,1
DA:159,0
DA:160,0
DA:169,0
DA:170,0
DA:171,0
DA:173,0
DA:174,0
DA:176,0
DA:177,0
DA:179,0
DA:180,0
DA:182,0
DA:183,0
DA:185,0
DA:186,0
DA:188,0
DA:189,0
DA:191,0
DA:192,0
DA:194,0
DA:195,0
DA:197,0
DA:198,0
DA:200,0
DA:201,0
DA:203,0
DA:204,0
DA:206,0
DA:207,0
DA:209,0
DA:213,6
DA:214,0
DA:217,6
DA:218,1
DA:219,5
DA:220,0
DA:221,5
DA:222,0
DA:225,5
DA:226,1
DA:229,4
DA:230,0
DA:233,4
DA:234,0
DA:237,4
DA:238,0
DA:241,4
DA:242,0
DA:245,4
DA:246,0
DA:249,4
DA:250,0
DA:253,4
DA:254,0
DA:255,0
DA:258,0
DA:259,0
DA:260,0
DA:265,4
DA:266,0
DA:269,4
DA:270,0
DA:273,4
DA:274,0
DA:275,0
DA:281,1
LF:103
LH:42
BRDA:55,0,0,6
BRDA:55,0,1,0
BRDA:170,1,0,0
BRDA:170,1,1,0
BRDA:173,2,0,0
BRDA:173,2,1,0
BRDA:176,3,0,0
BRDA:176,3,1,0
BRDA:179,4,0,0
BRDA:179,4,1,0
BRDA:182,5,0,0
BRDA:182,5,1,0
BRDA:185,6,0,0
BRDA:185,6,1,0
BRDA:188,7,0,0
BRDA:188,7,1,0
BRDA:191,8,0,0
BRDA:191,8,1,0
BRDA:194,9,0,0
BRDA:194,9,1,0
BRDA:197,10,0,0
BRDA:197,10,1,0
BRDA:200,11,0,0
BRDA:200,11,1,0
BRDA:203,12,0,0
BRDA:203,12,1,0
BRDA:206,13,0,0
BRDA:206,13,1,0
BRDA:213,14,0,0
BRDA:213,14,1,6
BRDA:217,15,0,1
BRDA:217,15,1,5
BRDA:217,16,0,6
BRDA:217,16,1,6
BRDA:219,17,0,0
BRDA:219,17,1,5
BRDA:219,18,0,5
BRDA:219,18,1,0
BRDA:219,18,2,0
BRDA:219,18,3,0
BRDA:221,19,0,0
BRDA:221,19,1,5
BRDA:221,20,0,5
BRDA:221,20,1,0
BRDA:225,21,0,1
BRDA:225,21,1,4
BRDA:225,22,0,5
BRDA:225,22,1,4
BRDA:225,22,2,4
BRDA:229,23,0,0
BRDA:229,23,1,4
BRDA:229,24,0,4
BRDA:229,24,1,4
BRDA:229,24,2,4
BRDA:233,25,0,0
BRDA:233,25,1,4
BRDA:233,26,0,4
BRDA:233,26,1,4
BRDA:233,26,2,4
BRDA:237,27,0,0
BRDA:237,27,1,4
BRDA:237,28,0,4
BRDA:237,28,1,0
BRDA:241,29,0,0
BRDA:241,29,1,4
BRDA:241,30,0,4
BRDA:241,30,1,0
BRDA:245,31,0,0
BRDA:245,31,1,4
BRDA:245,32,0,4
BRDA:245,32,1,0
BRDA:249,33,0,0
BRDA:249,33,1,4
BRDA:249,34,0,4
BRDA:249,34,1,0
BRDA:253,35,0,0
BRDA:253,35,1,4
BRDA:254,36,0,0
BRDA:254,36,1,0
BRDA:254,37,0,0
BRDA:254,37,1,0
BRDA:259,38,0,0
BRDA:259,38,1,0
BRDA:265,39,0,0
BRDA:265,39,1,4
BRDA:265,40,0,4
BRDA:265,40,1,0
BRDA:269,41,0,0
BRDA:269,41,1,4
BRDA:269,42,0,4
BRDA:269,42,1,1
BRDA:273,43,0,0
BRDA:273,43,1,4
BRDA:274,44,0,0
BRDA:274,44,1,0
BRF:95
BRH:38
end_of_record
TN:
SF:Metric.js
FN:40,(anonymous_0)
FN:60,(anonymous_1)
FN:74,(anonymous_2)
FN:83,(anonymous_3)
FN:92,(anonymous_4)
FN:101,(anonymous_5)
FN:110,(anonymous_6)
FN:119,(anonymous_7)
FN:129,(anonymous_8)
FN:138,(anonymous_9)
FN:148,(anonymous_10)
FN:162,(anonymous_11)
FN:171,(anonymous_12)
FN:180,(anonymous_13)
FN:188,(anonymous_14)
FN:196,(anonymous_15)
FN:206,(anonymous_16)
FN:251,(anonymous_17)
FNF:18
FNH:13
FNDA:15,(anonymous_0)
FNDA:15,(anonymous_1)
FNDA:13,(anonymous_2)
FNDA:15,(anonymous_3)
FNDA:2,(anonymous_4)
FNDA:2,(anonymous_5)
FNDA:2,(anonymous_6)
FNDA:2,(anonymous_7)
FNDA:0,(anonymous_8)
FNDA:0,(anonymous_9)
FNDA:0,(anonymous_10)
FNDA:1,(anonymous_11)
FNDA:2,(anonymous_12)
FNDA:2,(anonymous_13)
FNDA:0,(anonymous_14)
FNDA:2,(anonymous_15)
FNDA:0,(anonymous_16)
FNDA:15,(anonymous_17)
DA:9,2
DA:14,2
DA:41,15
DA:42,15
DA:43,15
DA:44,15
DA:46,15
DA:47,15
DA:48,15
DA:49,15
DA:50,15
DA:51,15
DA:52,15
DA:53,15
DA:61,15
DA:62,5
DA:63,5
DA:65,10
DA:67,15
DA:75,13
DA:76,13
DA:84,15
DA:85,15
DA:93,2
DA:94,2
DA:102,2
DA:103,2
DA:111,2
DA:112,2
DA:121,2
DA:122,2
DA:130,0
DA:131,0
DA:139,0
DA:140,0
DA:149,0
DA:150,0
DA:153,0
DA:155,0
DA:163,1
DA:164,1
DA:172,2
DA:173,2
DA:181,2
DA:182,2
DA:189,0
DA:190,0
DA:197,2
DA:198,2
DA:207,0
DA:208,0
DA:209,0
DA:211,0
DA:212,0
DA:214,0
DA:215,0
DA:217,0
DA:218,0
DA:220,0
DA:221,0
DA:223,0
DA:224,0
DA:226,0
DA:227,0
DA:229,0
DA:230,0
DA:232,0
DA:233,0
DA:235,0
DA:236,0
DA:238,0
DA:239,0
DA:241,0
DA:242,0
DA:244,0
DA:253,15
DA:254,0
DA:255,15
DA:256,3
DA:257,12
DA:258,1
DA:261,11
DA:262,2
DA:266,9
DA:267,0
DA:270,9
DA:271,0
DA:274,9
DA:275,0
DA:278,9
DA:279,0
DA:282,9
DA:283,1
DA:286,8
DA:287,0
DA:290,8
DA:291,0
DA:294,8
DA:295,0
DA:300,2
LF:100
LH:56
BRDA:61,0,0,5
BRDA:61,0,1,10
BRDA:63,1,0,3
BRDA:63,1,1,2
BRDA:149,2,0,0
BRDA:149,2,1,0
BRDA:208,3,0,0
BRDA:208,3,1,0
BRDA:211,4,0,0
BRDA:211,4,1,0
BRDA:214,5,0,0
BRDA:214,5,1,0
BRDA:217,6,0,0
BRDA:217,6,1,0
BRDA:220,7,0,0
BRDA:220,7,1,0
BRDA:223,8,0,0
BRDA:223,8,1,0
BRDA:226,9,0,0
BRDA:226,9,1,0
BRDA:229,10,0,0
BRDA:229,10,1,0
BRDA:232,11,0,0
BRDA:232,11,1,0
BRDA:235,12,0,0
BRDA:235,12,1,0
BRDA:238,13,0,0
BRDA:238,13,1,0
BRDA:241,14,0,0
BRDA:241,14,1,0
BRDA:253,15,0,0
BRDA:253,15,1,15
BRDA:253,16,0,15
BRDA:253,16,1,8
BRDA:255,17,0,3
BRDA:255,17,1,12
BRDA:255,18,0,15
BRDA:255,18,1,3
BRDA:257,19,0,1
BRDA:257,19,1,11
BRDA:261,20,0,2
BRDA:261,20,1,9
BRDA:266,21,0,0
BRDA:266,21,1,9
BRDA:266,22,0,9
BRDA:266,22,1,2
BRDA:270,23,0,0
BRDA:270,23,1,9
BRDA:270,24,0,9
BRDA:270,24,1,9
BRDA:274,25,0,0
BRDA:274,25,1,9
BRDA:274,26,0,9
BRDA:274,26,1,2
BRDA:278,27,0,0
BRDA:278,27,1,9
BRDA:278,28,0,9
BRDA:278,28,1,2
BRDA:282,29,0,1
BRDA:282,29,1,8
BRDA:282,30,0,9
BRDA:282,30,1,3
BRDA:286,31,0,0
BRDA:286,31,1,8
BRDA:286,32,0,8
BRDA:286,32,1,2
BRDA:290,33,0,0
BRDA:290,33,1,8
BRDA:290,34,0,8
BRDA:290,34,1,2
BRDA:294,35,0,0
BRDA:294,35,1,8
BRDA:294,36,0,8
BRDA:294,36,1,2
BRF:74
BRH:40
end_of_record
TN:
SF:Reason.js
FN:19,(anonymous_0)
FN:29,(anonymous_1)
FN:38,(anonymous_2)
FN:49,(anonymous_3)
FN:57,(anonymous_4)
FNF:5
FNH:5
FNDA:1,(anonymous_0)
FNDA:1,(anonymous_1)
FNDA:1,(anonymous_2)
FNDA:1,(anonymous_3)
FNDA:1,(anonymous_4)
DA:20,1
DA:21,1
DA:22,1
DA:30,1
DA:31,1
DA:39,1
DA:40,1
DA:50,1
DA:51,1
DA:58,1
DA:59,0
DA:62,1
DA:63,0
DA:66,1
DA:67,0
DA:70,1
DA:71,0
DA:74,1
DA:75,0
DA:78,1
DA:79,0
DA:84,1
LF:22
LH:16
BRDA:58,0,0,0
BRDA:58,0,1,1
BRDA:62,1,0,0
BRDA:62,1,1,1
BRDA:66,2,0,0
BRDA:66,2,1,1
BRDA:70,3,0,0
BRDA:70,3,1,1
BRDA:74,4,0,0
BRDA:74,4,1,1
BRDA:78,5,0,0
BRDA:78,5,1,1
BRF:12
BRH:6
end_of_record
TN:
SF:index.js
FN:31,log
FN:42,info
FN:49,debug
FN:56,warn
FN:63,error
FN:69,jsonParse
FN:80,fileExists
FN:92,canRun
FN:104,hasCmd
FN:124,procRunning
FN:142,exec
FN:157,toHex
FN:170,isHex
FN:189,getConfig
FN:214,getCredentials
FN:240,exportConfig
FN:256,registerScheduled
FN:272,sendResult
FN:287,sendDiscovery
FN:312,sendMetrics
FN:320,(anonymous_20)
FN:345,sendEvents
FN:353,(anonymous_22)
FN:386,JSONToKv
FN:390,(anonymous_24)
FN:415,dehumanize
FN:452,carousel
FN:465,(anonymous_27)
FN:480,passFilter
FN:495,isInFilters
FN:539,getMarDir
FNF:31
FNH:19
FNDA:12,log
FNDA:2,info
FNDA:7,debug
FNDA:1,warn
FNDA:2,error
FNDA:10,jsonParse
FNDA:0,fileExists
FNDA:0,canRun
FNDA:0,hasCmd
FNDA:0,procRunning
FNDA:0,exec
FNDA:4,toHex
FNDA:8,isHex
FNDA:0,getConfig
FNDA:0,getCredentials
FNDA:1,exportConfig
FNDA:0,registerScheduled
FNDA:0,sendResult
FNDA:3,sendDiscovery
FNDA:4,sendMetrics
FNDA:6,(anonymous_20)
FNDA:3,sendEvents
FNDA:6,(anonymous_22)
FNDA:2,JSONToKv
FNDA:4,(anonymous_24)
FNDA:4,dehumanize
FNDA:0,carousel
FNDA:0,(anonymous_27)
FNDA:1,passFilter
FNDA:1,isInFilters
FNDA:0,getMarDir
DA:7,2
DA:8,2
DA:9,2
DA:11,2
DA:13,2
DA:14,2
DA:15,2
DA:18,2
DA:32,12
DA:33,12
DA:34,2
DA:36,12
DA:43,2
DA:50,7
DA:57,1
DA:64,2
DA:70,10
DA:71,10
DA:73,10
DA:81,0
DA:82,0
DA:83,0
DA:85,0
DA:93,0
DA:94,0
DA:95,0
DA:97,0
DA:105,0
DA:106,0
DA:107,0
DA:108,0
DA:110,0
DA:112,0
DA:113,0
DA:115,0
DA:118,0
DA:125,0
DA:126,0
DA:127,0
DA:128,0
DA:130,0
DA:132,0
DA:133,0
DA:135,0
DA:143,0
DA:145,0
DA:158,4
DA:159,2
DA:161,2
DA:171,8
DA:172,4
DA:176,4
DA:177,2
DA:180,2
DA:181,2
DA:183,2
DA:190,0
DA:192,0
DA:193,0
DA:194,0
DA:195,0
DA:197,0
DA:201,0
DA:206,0
DA:208,0
DA:215,0
DA:217,0
DA:218,0
DA:219,0
DA:220,0
DA:222,0
DA:226,0
DA:231,0
DA:233,0
DA:241,1
DA:242,0
DA:244,1
DA:248,1
DA:257,0
DA:260,0
DA:263,0
DA:264,0
DA:273,0
DA:274,0
DA:276,0
DA:280,0
DA:289,3
DA:290,0
DA:291,3
DA:292,0
DA:295,3
DA:296,3
DA:298,2
DA:302,2
DA:304,1
DA:314,4
DA:315,0
DA:317,4
DA:318,4
DA:320,4
DA:321,6
DA:322,6
DA:323,0
DA:324,0
DA:326,6
DA:327,4
DA:329,2
DA:330,2
DA:334,4
DA:339,4
DA:340,3
DA:347,3
DA:348,0
DA:350,3
DA:351,3
DA:353,3
DA:354,6
DA:355,6
DA:356,0
DA:357,0
DA:360,6
DA:361,4
DA:363,2
DA:364,2
DA:368,3
DA:373,3
DA:387,2
DA:388,2
DA:390,2
DA:391,4
DA:392,0
DA:394,4
DA:396,4
DA:397,3
DA:400,4
DA:401,1
DA:416,4
DA:417,4
DA:418,4
DA:420,4
DA:425,1
DA:430,1
DA:431,1
DA:436,1
DA:437,1
DA:442,1
DA:443,1
DA:445,4
DA:454,0
DA:455,0
DA:456,0
DA:457,0
DA:458,0
DA:459,0
DA:462,0
DA:463,0
DA:465,0
DA:466,0
DA:467,0
DA:470,0
DA:481,1
DA:482,1
DA:483,1
DA:485,1
DA:500,1
DA:501,0
DA:504,1
DA:506,1
DA:507,1
DA:508,1
DA:509,1
DA:510,1
DA:511,1
DA:512,1
DA:514,0
DA:515,0
DA:516,0
DA:518,0
DA:519,1
DA:520,1
DA:521,1
DA:523,0
DA:526,0
DA:528,0
DA:529,0
DA:530,0
DA:533,0
DA:540,0
DA:546,2
LF:189
LH:102
BRDA:11,0,0,2
BRDA:11,0,1,0
BRDA:33,1,0,2
BRDA:33,1,1,10
BRDA:94,2,0,0
BRDA:94,2,1,0
BRDA:105,3,0,0
BRDA:105,3,1,0
BRDA:107,4,0,0
BRDA:107,4,1,0
BRDA:126,5,0,0
BRDA:126,5,1,0
BRDA:158,6,0,2
BRDA:158,6,1,2
BRDA:171,7,0,4
BRDA:171,7,1,4
BRDA:176,8,0,2
BRDA:176,8,1,2
BRDA:190,9,0,0
BRDA:190,9,1,0
BRDA:192,10,0,0
BRDA:192,10,1,0
BRDA:201,11,0,0
BRDA:201,11,1,0
BRDA:202,12,0,0
BRDA:202,12,1,0
BRDA:202,12,2,0
BRDA:215,13,0,0
BRDA:215,13,1,0
BRDA:217,14,0,0
BRDA:217,14,1,0
BRDA:226,15,0,0
BRDA:226,15,1,0
BRDA:227,16,0,0
BRDA:227,16,1,0
BRDA:227,16,2,0
BRDA:241,17,0,0
BRDA:241,17,1,1
BRDA:241,18,0,1
BRDA:241,18,1,1
BRDA:257,19,0,0
BRDA:257,19,1,0
BRDA:273,20,0,0
BRDA:273,20,1,0
BRDA:273,21,0,0
BRDA:273,21,1,0
BRDA:289,22,0,0
BRDA:289,22,1,3
BRDA:289,23,0,3
BRDA:289,23,1,3
BRDA:291,24,0,0
BRDA:291,24,1,3
BRDA:314,25,0,0
BRDA:314,25,1,4
BRDA:314,26,0,4
BRDA:314,26,1,4
BRDA:318,27,0,2
BRDA:318,27,1,2
BRDA:322,28,0,0
BRDA:322,28,1,6
BRDA:339,29,0,3
BRDA:339,29,1,1
BRDA:347,30,0,0
BRDA:347,30,1,3
BRDA:347,31,0,3
BRDA:347,31,1,3
BRDA:351,32,0,1
BRDA:351,32,1,2
BRDA:355,33,0,0
BRDA:355,33,1,6
BRDA:388,34,0,1
BRDA:388,34,1,1
BRDA:391,35,0,0
BRDA:391,35,1,4
BRDA:391,36,0,4
BRDA:391,36,1,0
BRDA:394,37,0,1
BRDA:394,37,1,3
BRDA:396,38,0,3
BRDA:396,38,1,1
BRDA:400,39,0,1
BRDA:400,39,1,3
BRDA:420,40,0,0
BRDA:420,40,1,1
BRDA:420,40,2,1
BRDA:420,40,3,1
BRDA:420,40,4,0
BRDA:420,40,5,1
BRDA:420,40,6,1
BRDA:420,40,7,1
BRDA:420,40,8,0
BRDA:420,40,9,1
BRDA:420,40,10,1
BRDA:420,40,11,1
BRDA:420,40,12,0
BRDA:420,40,13,1
BRDA:420,40,14,1
BRDA:420,40,15,1
BRDA:454,41,0,0
BRDA:454,41,1,0
BRDA:454,42,0,0
BRDA:454,42,1,0
BRDA:456,43,0,0
BRDA:456,43,1,0
BRDA:456,44,0,0
BRDA:456,44,1,0
BRDA:456,44,2,0
BRDA:458,45,0,0
BRDA:458,45,1,0
BRDA:482,46,0,1
BRDA:482,46,1,0
BRDA:483,47,0,0
BRDA:483,47,1,1
BRDA:500,48,0,0
BRDA:500,48,1,1
BRDA:508,49,0,1
BRDA:508,49,1,0
BRDA:512,50,0,0
BRDA:512,50,1,1
BRDA:514,51,0,0
BRDA:514,51,1,0
BRDA:519,52,0,1
BRDA:519,52,1,0
BRDA:528,53,0,0
BRDA:528,53,1,0
BRF:125
BRH:58
end_of_record
